2024-09-12 15:06:07,790 - INFO - *** LOAD JOB LIST ***
2024-09-12 15:06:07,791 - INFO - --- PROCEED JOBS ---
2024-09-12 15:06:07,791 - INFO - -> START processing JOB 0 PARAMS: [POSCOVN SPCC-SD 1.4]
2024-09-12 15:06:07,791 - INFO - ->> for CUSTOMER CICVPIC1
2024-09-12 15:06:07,791 - INFO - ->>> WareHouse priority ['HSC', 'NST', None]
2024-09-12 15:06:07,791 - INFO - ->>> Number of stocks left: 1
2024-09-12 15:06:07,791 - INFO - ->>> cut in WH HSC
2024-09-12 15:06:07,791 - INFO - ->>> SUB-TASK: 6 FINISH  w 1 MC
2024-09-12 15:06:07,791 - INFO - *** NORMAL case ***
2024-09-12 15:06:07,846 - WARNING - Status Infeasible
2024-09-12 15:06:07,846 - INFO - *** REWIND case ***
2024-09-12 15:06:08,577 - WARNING - Status Solved
2024-09-12 15:06:08,577 - INFO - >>>> Take stock ['TM244H00000309-1']
2024-09-12 15:06:08,577 - INFO - >>>> Overcut amount {'F218': -500.0, 'F486': -82.39, 'F225': -174.141, 'F223': 243.01, 'F490': -42.75, 'F488': 391.02}
2024-09-12 15:06:08,577 - INFO - >>>> Stocks to continue to cut dict_keys(['TM244H00000309-2'])
2024-09-12 15:06:09,054 - WARNING - Status Solved
2024-09-12 15:06:09,054 - INFO - >>>> Take stock ['TM244H00000309-1', 'TM244H00000309-2']
2024-09-12 15:06:09,054 - INFO - >>>> Overcut amount {'F218': 572.53, 'F486': 320.22, 'F225': 246.619, 'F223': 243.01, 'F490': 64.5, 'F488': 391.02}
2024-09-12 15:06:09,055 - INFO - >>>> STOCKS USED 2
2024-09-12 15:06:09,055 - INFO - >>>> TRIM LOSS PERCENT OF EACH STOCK [0.41, 0.41]
2024-09-12 15:06:09,055 - WARNING - >>>> ZERO Forecast Data
2024-09-12 15:06:09,115 - INFO - ->>>> The solution POSCOVN+SPCC-SD+1.4-CICVPIC1- bound 0.5 EXCEL saved
2024-09-12 15:06:09,115 - WARNING - ->>> Remained finish to cut in next WH {'F218': 0, 'F486': 0, 'F225': 0, 'F223': 0, 'F490': 0, 'F488': 0}
2024-09-12 15:06:09,115 - INFO -  STOCK-AFTER-CUT CICVPIC1: {'F218': 572.53, 'F486': 320.22, 'F225': 246.619, 'F223': 243.01, 'F490': 64.5, 'F488': 391.02}
2024-09-12 15:06:09,115 - INFO - --- DONE TASK CICVPIC1---
2024-09-12 15:06:09,115 - INFO - -> START processing JOB 1 PARAMS: [CSVC JSH270C-PO 1.6]
2024-09-12 15:06:09,115 - INFO - ->> for CUSTOMER CICVPIC1
2024-09-12 15:06:09,115 - INFO - ->>> WareHouse priority ['HSC', None, None]
2024-09-12 15:06:09,115 - INFO - ->>> Number of stocks left: 3
2024-09-12 15:06:09,115 - INFO - ->>> cut in WH HSC
2024-09-12 15:06:09,115 - INFO - ->>> SUB-TASK: 20 FINISH  w 3 MC
2024-09-12 15:06:09,115 - INFO - *** NORMAL case ***
2024-09-12 15:08:38,083 - WARNING - Status Solved
2024-09-12 15:08:38,083 - INFO - >>>> Take stock ['TP236H005509', 'TP236H005510', 'TR242H00000035']
2024-09-12 15:08:38,083 - INFO - >>>> Overcut amount {'F351': -2418.79, 'F349': 1539.84, 'F348': -471.0, 'F58': 3677.1, 'F57': -1290.205, 'F347': 296.46, 'F55': -561.985, 'F53': 236.579, 'F46': 53.54, 'F78': -65.0, 'F357': -38.0, 'F75': 820.15, 'F74': 673.364, 'F72': -59.0, 'F71': 2092.38, 'F70': 452.72, 'F67': -159.0, 'F66': 332.99, 'F354': 761.6, 'F77': -100.0}
2024-09-12 15:08:38,084 - INFO - >>>> STOCKS USED 3
2024-09-12 15:08:38,084 - INFO - >>>> TRIM LOSS PERCENT OF EACH STOCK [0.427, 0.41, 3.527]
2024-09-12 15:08:38,084 - INFO - >>>> TOTAL STOCK RATIO (OVER CUT): {'F351': -0.6545, 'F349': 1.71, 'F348': -0.1884, 'F58': 0.5832, 'F57': -1.4878, 'F347': 0.6305, 'F55': -0.2181, 'F53': 0.3736, 'F46': 0.17, 'F78': -0.0736, 'F357': -0.0723, 'F75': 2.5023, 'F74': 0.6164, 'F72': -0.1609, 'F71': 2.1927, 'F70': 2.0947, 'F67': -0.4286, 'F66': 3.1788, 'F354': 1.3732, 'F77': -0.9614}
2024-09-12 15:08:38,091 - INFO - ->>>> The solution CSVC+JSH270C-PO+1.6-CICVPIC1- bound 0.5 EXCEL saved
2024-09-12 15:08:38,091 - WARNING - ->>> Remained finish to cut in next WH {'F351': -2418.79, 'F349': 0, 'F348': -471.0, 'F58': 0, 'F57': -1290.205, 'F347': 0, 'F55': -561.985, 'F53': 0, 'F46': 0, 'F78': -65.0, 'F77': -100.0, 'F357': -38.0, 'F75': 0, 'F74': 0, 'F72': -59.0, 'F71': 0, 'F70': 0, 'F67': -159.0, 'F66': 0, 'F354': 0}
2024-09-12 15:08:38,091 - INFO -  STOCK-AFTER-CUT CICVPIC1: {'F351': -2418.79, 'F349': 1539.84, 'F348': -471.0, 'F58': 3677.1, 'F57': -1290.205, 'F347': 296.46, 'F55': -561.985, 'F53': 236.579, 'F46': 53.54, 'F78': -65.0, 'F357': -38.0, 'F75': 820.15, 'F74': 673.364, 'F72': -59.0, 'F71': 2092.38, 'F70': 452.72, 'F67': -159.0, 'F66': 332.99, 'F354': 761.6, 'F77': -100.0}
2024-09-12 15:08:38,091 - INFO - --- DONE TASK CICVPIC1---
2024-09-12 15:08:38,091 - INFO - -> START processing JOB 2 PARAMS: [CSC JSC590R-SD 1.6]
2024-09-12 15:08:38,091 - INFO - ->> for CUSTOMER CIC
2024-09-12 15:08:38,091 - INFO - ->>> WareHouse priority ['HSC', None, None]
2024-09-12 15:08:38,091 - INFO - ->>> Number of stocks left: 7
2024-09-12 15:08:38,091 - INFO - ->>> cut in WH HSC
2024-09-12 15:08:38,091 - INFO - ->>> SUB-TASK: 2 FINISH  w 7 MC
2024-09-12 15:08:38,091 - INFO - *** NORMAL case ***
2024-09-12 15:08:38,696 - WARNING - Status Solved
2024-09-12 15:08:38,696 - INFO - >>>> Take stock ['TP234H001880', 'TP235H002665']
2024-09-12 15:08:38,696 - INFO - >>>> Overcut amount {'F6': -2484.885, 'F5': 1872.38}
2024-09-12 15:08:38,696 - INFO - >>>> Stocks to continue to cut dict_keys(['TM246H00000162', 'TR246H00000085', 'TM246H00000163', 'TP235H002666', 'TM246H00000161'])
2024-09-12 15:08:39,093 - WARNING - Status Solved
2024-09-12 15:08:39,093 - INFO - >>>> Take stock ['TP234H001880', 'TP235H002665', 'TM246H00000162']
2024-09-12 15:08:39,093 - INFO - >>>> Overcut amount {'F6': 4064.845, 'F5': 1872.38}
2024-09-12 15:08:39,093 - INFO - >>>> STOCKS USED 3
2024-09-12 15:08:39,093 - INFO - >>>> TRIM LOSS PERCENT OF EACH STOCK [1.313, 1.313, 3.61]
2024-09-12 15:08:39,093 - INFO - >>>> TOTAL STOCK RATIO (OVER CUT): {'F6': 0.3093, 'F5': 0.2957}
2024-09-12 15:08:39,099 - INFO - ->>>> The solution CSC+JSC590R-SD+1.6-CIC- bound 0.5 EXCEL saved
2024-09-12 15:08:39,099 - WARNING - ->>> Remained finish to cut in next WH {'F6': 0, 'F5': 0}
2024-09-12 15:08:39,099 - INFO -  STOCK-AFTER-CUT CIC: {'F6': 4064.845, 'F5': 1872.38}
2024-09-12 15:08:39,099 - INFO - --- DONE TASK CIC---
2024-09-12 15:08:39,099 - INFO - -> START processing JOB 3 PARAMS: [CSVC JSH270C-PO 2.0]
2024-09-12 15:08:39,099 - INFO - ->> for CUSTOMER CICVPIC1
2024-09-12 15:08:39,099 - INFO - ->>> WareHouse priority ['NQS', 'HSC', 'NST']
2024-09-12 15:08:39,099 - INFO - ->>> Number of stocks left: 4
2024-09-12 15:08:39,099 - INFO - ->>> cut in WH NQS
2024-09-12 15:08:39,099 - INFO - ->>> SUB-TASK: 23 FINISH  w 4 MC
2024-09-12 15:08:39,099 - INFO - *** NORMAL case ***
2024-09-12 15:08:46,776 - WARNING - Status Solved
2024-09-12 15:08:46,777 - INFO - >>>> Take stock ['HTV1059/24', 'HTV1983/23-1']
2024-09-12 15:08:46,777 - INFO - >>>> Overcut amount {'F401': 529.78, 'F91': -568.0, 'F397': 1122.26, 'F396': -1300.0, 'F88': -227.108, 'F395': -857.0, 'F87': -2031.778, 'F84': -23.13, 'F83': 1630.78, 'F391': 4877.44, 'F81': -372.461, 'F115': 325.832, 'F113': -74.0, 'F415': -4778.0, 'F111': 813.553, 'F109': -272.518, 'F411': 911.4, 'F410': -5015.0, 'F108': -304.461, 'F407': -700.0, 'F406': -300.0}
2024-09-12 15:08:46,777 - INFO - >>>> Stocks to continue to cut dict_keys(['HTV1983/23-2', 'HTV1060/24'])
2024-09-12 15:08:49,705 - WARNING - Status Solved
2024-09-12 15:08:49,706 - INFO - >>>> Take stock ['HTV1059/24', 'HTV1983/23-1', 'HTV1060/24', 'HTV1983/23-2']
2024-09-12 15:08:49,706 - INFO - >>>> Overcut amount {'F401': 529.78, 'F91': 1389.93, 'F397': 1122.26, 'F396': -1300.0, 'F88': 940.382, 'F395': 988.78, 'F87': 5890.292, 'F84': -23.13, 'F83': 1630.78, 'F391': 4877.44, 'F81': -372.461, 'F115': 325.832, 'F113': 759.92, 'F415': -4778.0, 'F111': 1610.413, 'F109': -272.518, 'F411': 911.4, 'F410': -5015.0, 'F108': -304.461, 'F407': 1768.69, 'F406': -68.66}
2024-09-12 15:08:49,706 - INFO - >>>> STOCKS USED 4
2024-09-12 15:08:49,706 - INFO - >>>> TRIM LOSS PERCENT OF EACH STOCK [0.41, 0.41, 0.41, 0.41]
2024-09-12 15:08:49,706 - INFO - >>>> TOTAL STOCK RATIO (OVER CUT): {'F401': 0.1854, 'F91': 1.9113, 'F397': 0.994, 'F396': -1.1047, 'F88': 0.895, 'F395': 0.4889, 'F87': 2.7807, 'F84': -0.0115, 'F83': 0.9505, 'F391': 0.9954, 'F81': -0.6041, 'F115': 0.2527, 'F113': 2.3901, 'F415': -0.4414, 'F111': 0.5912, 'F109': -0.2602, 'F411': 1.3276, 'F410': -0.7632, 'F108': -1.2843, 'F407': 3.3047, 'F406': -0.0702}
2024-09-12 15:08:49,713 - INFO - ->>>> The solution CSVC+JSH270C-PO+2.0-CICVPIC1- bound 0.5 EXCEL saved
2024-09-12 15:08:49,713 - WARNING - ->>> Remained finish to cut in next WH {'F104': -217.0, 'F99': -150.0, 'F401': 0, 'F91': 0, 'F397': 0, 'F396': -1300.0, 'F88': 0, 'F395': 0, 'F87': 0, 'F84': -23.13, 'F83': 0, 'F391': 0, 'F81': -372.461, 'F115': 0, 'F113': 0, 'F415': -4778.0, 'F111': 0, 'F109': -272.518, 'F411': 0, 'F410': -5015.0, 'F108': -304.461, 'F407': 0, 'F406': -68.66}
2024-09-12 15:08:49,713 - INFO -  STOCK-AFTER-CUT CICVPIC1: {'F401': 529.78, 'F91': 1389.93, 'F397': 1122.26, 'F396': -1300.0, 'F88': 940.382, 'F395': 988.78, 'F87': 5890.292, 'F84': -23.13, 'F83': 1630.78, 'F391': 4877.44, 'F81': -372.461, 'F115': 325.832, 'F113': 759.92, 'F415': -4778.0, 'F111': 1610.413, 'F109': -272.518, 'F411': 911.4, 'F410': -5015.0, 'F108': -304.461, 'F407': 1768.69, 'F406': -68.66}
2024-09-12 15:08:49,713 - INFO - --- DONE TASK CICVPIC1---
2024-09-12 15:08:49,713 - INFO - -> START processing JOB 4 PARAMS: [POSCOVST SUS409L-2D 1.2]
2024-09-12 15:08:49,713 - INFO - ->> for CUSTOMER TEC
2024-09-12 15:08:49,713 - INFO - ->>> WareHouse priority ['NQS', 'NST', 'HSC']
2024-09-12 15:08:49,713 - INFO - ->>> Number of stocks left: 4
2024-09-12 15:08:49,713 - INFO - ->>> cut in WH NQS
2024-09-12 15:08:49,713 - INFO - ->>> SUB-TASK: 6 FINISH  w 4 MC
2024-09-12 15:08:49,713 - INFO - *** NORMAL case ***
2024-09-12 15:08:51,346 - WARNING - Status Solved
2024-09-12 15:08:51,346 - INFO - >>>> Take stock ['HTV0341/24', 'HTV0348/24']
2024-09-12 15:08:51,346 - INFO - >>>> Overcut amount {'F637': 74.952, 'F636': -4407.997, 'F628': -203.659, 'F626': 2667.333, 'F624': -1280.499, 'F646': 399.58}
2024-09-12 15:08:51,346 - INFO - >>>> Stocks to continue to cut dict_keys(['HTV0349/24', 'HTV0340/24'])
2024-09-12 15:08:51,898 - WARNING - Status Solved
2024-09-12 15:08:51,898 - INFO - >>>> Take stock ['HTV0341/24', 'HTV0348/24', 'HTV0349/24']
2024-09-12 15:08:51,898 - INFO - >>>> Overcut amount {'F637': 5417.772, 'F636': -4407.997, 'F628': 671.681, 'F626': 4239.053, 'F624': -1280.499, 'F646': 399.58}
2024-09-12 15:08:51,898 - INFO - >>>> Stocks to continue to cut dict_keys(['HTV0340/24'])
2024-09-12 15:08:52,028 - WARNING - Status Solved
2024-09-12 15:08:52,028 - INFO - >>>> Take stock ['HTV0341/24', 'HTV0348/24', 'HTV0349/24', 'HTV0340/24']
2024-09-12 15:08:52,028 - INFO - >>>> Overcut amount {'F637': 6831.042, 'F636': 970.663, 'F628': 671.681, 'F626': 4239.053, 'F624': 228.821, 'F646': 399.58}
2024-09-12 15:08:52,028 - INFO - >>>> STOCKS USED 4
2024-09-12 15:08:52,028 - INFO - >>>> TRIM LOSS PERCENT OF EACH STOCK [0.574, 1.214, 1.444, 0.738]
2024-09-12 15:08:52,028 - INFO - >>>> TOTAL STOCK RATIO (OVER CUT): {'F637': 1.1868, 'F636': 0.1529, 'F628': 0.3666, 'F626': 0.5007, 'F624': 0.1385, 'F646': 0.9064}
2024-09-12 15:08:52,034 - INFO - ->>>> The solution POSCOVST+SUS409L-2D+1.2-TEC- bound 0.5 EXCEL saved
2024-09-12 15:08:52,034 - WARNING - ->>> Remained finish to cut in next WH {'F637': 0, 'F636': 0, 'F628': 0, 'F626': 0, 'F624': 0, 'F646': 0}
2024-09-12 15:08:52,034 - INFO -  STOCK-AFTER-CUT TEC: {'F637': 6831.042, 'F636': 970.663, 'F628': 671.681, 'F626': 4239.053, 'F624': 228.821, 'F646': 399.58}
2024-09-12 15:08:52,034 - INFO - --- DONE TASK TEC---
2024-09-12 15:08:52,034 - INFO - -> START processing JOB 5 PARAMS: [POSCOVN SPCC-SD 1.2]
2024-09-12 15:08:52,034 - INFO - ->> for CUSTOMER CICVPIC1
2024-09-12 15:08:52,034 - INFO - ->>> WareHouse priority ['HSC', 'NST', None]
2024-09-12 15:08:52,034 - INFO - ->>> Number of stocks left: 2
2024-09-12 15:08:52,034 - INFO - ->>> cut in WH HSC
2024-09-12 15:08:52,034 - INFO - ->>> SUB-TASK: 4 FINISH  w 2 MC
2024-09-12 15:08:52,034 - INFO - *** NORMAL case ***
2024-09-12 15:08:52,135 - WARNING - Status Infeasible
2024-09-12 15:08:52,136 - WARNING - ->>>> The solution - bound 0.5 is empty.
2024-09-12 15:08:52,136 - INFO - *** NORMAL case ***
2024-09-12 15:08:52,235 - WARNING - Status Infeasible
2024-09-12 15:08:52,236 - WARNING - ->>>> The solution - bound 1.0 is empty.
2024-09-12 15:08:52,236 - INFO - *** NORMAL case ***
2024-09-12 15:08:52,335 - WARNING - Status Infeasible
2024-09-12 15:08:52,335 - WARNING - ->>>> The solution - bound 1.5 is empty.
2024-09-12 15:08:52,335 - WARNING - ->>> Remained finish to cut in next WH {'F480': 0.0, 'F483': -300.0, 'F270': 0.0, 'F211': -577.0}
2024-09-12 15:08:52,335 - INFO -  STOCK-AFTER-CUT CICVPIC1: {}
2024-09-12 15:08:52,335 - INFO - --- DONE TASK CICVPIC1---
2024-09-12 15:08:52,335 - INFO - -> START processing JOB 6 PARAMS: [POSCO JSH440W-PO 2.0]
2024-09-12 15:08:52,335 - INFO - ->> for CUSTOMER CICVPIC1
2024-09-12 15:08:52,336 - INFO - ->>> WareHouse priority ['NQS', 'HSC', None]
2024-09-12 15:08:52,336 - INFO - ->>> Number of stocks left: 8
2024-09-12 15:08:52,336 - WARNING - >>>> Out of stocks for for WH NQS
2024-09-12 15:08:52,336 - INFO - ->>> cut in WH HSC
2024-09-12 15:08:52,336 - INFO - ->>> SUB-TASK: 9 FINISH  w 8 MC
2024-09-12 15:08:52,336 - INFO - *** NORMAL case ***
2024-09-12 15:09:00,400 - WARNING - Status Solved
2024-09-12 15:09:00,400 - INFO - >>>> Take stock ['TM236H00000364', 'TP231H004996', 'TP233H000003']
2024-09-12 15:09:00,401 - INFO - >>>> Overcut amount {'F330': 1649.6, 'F261': 6226.322, 'F256': -926.539, 'F179': 1025.81, 'F178': -450.92, 'F259': 83.208, 'F176': -644.0, 'F332': 1041.18, 'F257': 162.58}
2024-09-12 15:09:00,401 - INFO - >>>> Stocks to continue to cut dict_keys(['TM236H00000365', 'TM246H00000203', 'TP231H005005', 'TM246H00000204', 'TM246H00000202'])
2024-09-12 15:09:02,261 - WARNING - Status Solved
2024-09-12 15:09:02,261 - INFO - >>>> Take stock ['TM236H00000364', 'TP231H004996', 'TP233H000003', 'TM236H00000365']
2024-09-12 15:09:02,261 - INFO - >>>> Overcut amount {'F330': 4279.79, 'F261': 6226.322, 'F256': -926.539, 'F179': 1025.81, 'F178': 778.41, 'F259': 1140.998, 'F176': 1357.23, 'F332': 1041.18, 'F257': 162.58}
2024-09-12 15:09:02,262 - INFO - >>>> Stocks to continue to cut dict_keys(['TM246H00000203', 'TP231H005005', 'TM246H00000204', 'TM246H00000202'])
2024-09-12 15:09:02,842 - WARNING - Status Solved
2024-09-12 15:09:02,842 - INFO - >>>> Take stock ['TM236H00000364', 'TP231H004996', 'TP233H000003', 'TM236H00000365', 'TM246H00000203']
2024-09-12 15:09:02,842 - INFO - >>>> Overcut amount {'F330': 7143.94, 'F261': 6226.322, 'F256': 2497.991, 'F179': 1025.81, 'F178': 778.41, 'F259': 1140.998, 'F176': 2446.85, 'F332': 1041.18, 'F257': 162.58}
2024-09-12 15:09:02,842 - INFO - >>>> STOCKS USED 5
2024-09-12 15:09:02,842 - INFO - >>>> TRIM LOSS PERCENT OF EACH STOCK [1.559, 3.146, 0.574, 0.738, 2.789]
2024-09-12 15:09:02,842 - INFO - >>>> TOTAL STOCK RATIO (OVER CUT): {'F330': 0.7227, 'F261': 0.2932, 'F256': 0.4094, 'F179': 0.5212, 'F178': 0.1267, 'F259': 0.0675, 'F176': 0.6446, 'F332': 1.1397, 'F257': 0.6532}
2024-09-12 15:09:02,848 - INFO - ->>>> The solution POSCO+JSH440W-PO+2.0-CICVPIC1- bound 0.5 EXCEL saved
2024-09-12 15:09:02,848 - WARNING - ->>> Remained finish to cut in next WH {'F330': 0, 'F261': 0, 'F256': 0, 'F179': 0, 'F178': 0, 'F259': 0, 'F176': 0, 'F332': 0, 'F257': 0}
2024-09-12 15:09:02,848 - INFO -  STOCK-AFTER-CUT CICVPIC1: {'F330': 7143.94, 'F261': 6226.322, 'F256': 2497.991, 'F179': 1025.81, 'F178': 778.41, 'F259': 1140.998, 'F176': 2446.85, 'F332': 1041.18, 'F257': 162.58}
2024-09-12 15:09:02,848 - INFO - --- DONE TASK CICVPIC1---
2024-09-12 15:09:02,848 - INFO - -> START processing JOB 7 PARAMS: [POSCO JSH270C-PO 2.6]
2024-09-12 15:09:02,848 - INFO - ->> for CUSTOMER CICVPIC1
2024-09-12 15:09:02,849 - INFO - ->>> WareHouse priority ['NQS', 'HSC', 'NST']
2024-09-12 15:09:02,849 - INFO - ->>> Number of stocks left: 5
2024-09-12 15:09:02,849 - INFO - ->>> cut in WH NQS
2024-09-12 15:09:02,849 - INFO - ->>> SUB-TASK: 18 FINISH  w 3 MC
2024-09-12 15:09:02,849 - INFO - *** NORMAL case ***
2024-09-12 15:09:07,280 - WARNING - Status Solved
2024-09-12 15:09:07,280 - INFO - >>>> Take stock ['HTV0828/23-D1', 'HTV0895/23', 'HTV1363/23']
2024-09-12 15:09:07,280 - INFO - >>>> Overcut amount {'F379': -920.0, 'F146': -11.8, 'F375': -9770.0, 'F374': -412.0, 'F372': -1819.0, 'F142': -788.267, 'F141': -1419.2, 'F138': -100.0, 'F370': -1813.7, 'F136': 476.66, 'F369': 2018.3, 'F134': -1413.957, 'F368': -3096.0, 'F154': 272.52, 'F153': 21.92, 'F381': -1908.23, 'F152': 781.591, 'F151': 128.22}
2024-09-12 15:09:07,280 - INFO - >>>> STOCKS USED 3
2024-09-12 15:09:07,280 - INFO - >>>> TRIM LOSS PERCENT OF EACH STOCK [0.722, 0.492, 0.492]
2024-09-12 15:09:07,280 - WARNING - >>>> ZERO Forecast Data
2024-09-12 15:09:07,286 - INFO - ->>>> The solution POSCO+JSH270C-PO+2.6-CICVPIC1- bound 0.5 EXCEL saved
2024-09-12 15:09:07,286 - WARNING - ->>> Remained finish to cut in next WH {'F379': -920.0, 'F146': -11.8, 'F375': -9770.0, 'F374': -412.0, 'F372': -1819.0, 'F142': -788.267, 'F141': -1419.2, 'F138': -100.0, 'F370': -1813.7, 'F136': 0, 'F369': 0, 'F134': -1413.957, 'F368': -3096.0, 'F154': 0, 'F153': 0, 'F381': -1908.23, 'F152': 0, 'F151': 0}
2024-09-12 15:09:07,286 - WARNING - Error with Customer CICVPIC1: <class 'IndexError'> list index out of range
2024-09-12 15:09:07,287 - INFO - Occured on line 223
2024-09-12 15:09:07,287 - INFO - -> START processing JOB 8 PARAMS: [POSCO JSH270C-PO 2.9]
2024-09-12 15:09:07,287 - INFO - ->> for CUSTOMER CICVPIC1
2024-09-12 15:09:07,287 - INFO - ->>> WareHouse priority ['NQS', 'HSC', None]
2024-09-12 15:09:07,287 - INFO - ->>> Number of stocks left: 5
2024-09-12 15:09:07,287 - INFO - ->>> cut in WH NQS
2024-09-12 15:09:07,287 - INFO - ->>> SUB-TASK: 5 FINISH  w 4 MC
2024-09-12 15:09:07,287 - INFO - *** NORMAL case ***
2024-09-12 15:09:07,680 - WARNING - Status Solved
2024-09-12 15:09:07,680 - INFO - >>>> Take stock ['HTV0800/24-D2', 'HTV0802/24-D1', 'HTV1773/23']
2024-09-12 15:09:07,680 - INFO - >>>> Overcut amount {'F387': 1791.36, 'F385': -2541.27, 'F156': -3603.131, 'F159': 406.731, 'F386': -400.0}
2024-09-12 15:09:07,680 - INFO - >>>> Stocks to continue to cut dict_keys(['HTV1772/23'])
2024-09-12 15:09:07,748 - WARNING - Status Solved
2024-09-12 15:09:07,748 - INFO - >>>> Take stock ['HTV0800/24-D2', 'HTV0802/24-D1', 'HTV1773/23', 'HTV1772/23']
2024-09-12 15:09:07,748 - INFO - >>>> Overcut amount {'F387': 1791.36, 'F385': -2541.27, 'F156': 5236.429, 'F159': 406.731, 'F386': -400.0}
2024-09-12 15:09:07,748 - INFO - >>>> STOCKS USED 4
2024-09-12 15:09:07,748 - INFO - >>>> TRIM LOSS PERCENT OF EACH STOCK [0.574, 3.478, 0.679, 0.679]
2024-09-12 15:09:07,748 - WARNING - >>>> ZERO Forecast Data
2024-09-12 15:09:07,754 - INFO - ->>>> The solution POSCO+JSH270C-PO+2.9-CICVPIC1- bound 0.5 EXCEL saved
2024-09-12 15:09:07,754 - WARNING - ->>> Remained finish to cut in next WH {'F387': 0, 'F386': -400.0, 'F385': -2541.27, 'F156': 0, 'F159': 0}
2024-09-12 15:09:07,754 - WARNING - Error with Customer CICVPIC1: <class 'IndexError'> list index out of range
2024-09-12 15:09:07,754 - INFO - Occured on line 223
2024-09-12 15:09:07,754 - INFO - -> START processing JOB 9 PARAMS: [CSC JSH590R-PO 2.6]
2024-09-12 15:09:07,754 - INFO - ->> for CUSTOMER CIC
2024-09-12 15:09:07,754 - INFO - ->>> WareHouse priority ['HSC', 'NQS', None]
2024-09-12 15:09:07,754 - INFO - ->>> Number of stocks left: 2
2024-09-12 15:09:07,754 - INFO - ->>> cut in WH HSC
2024-09-12 15:09:07,754 - INFO - ->>> SUB-TASK: 1 FINISH  w 2 MC
2024-09-12 15:09:07,754 - INFO - *** NORMAL case ***
2024-09-12 15:09:07,836 - WARNING - Status Infeasible
2024-09-12 15:09:07,836 - WARNING - ->>>> The solution - bound 0.5 is empty.
2024-09-12 15:09:07,836 - INFO - *** NORMAL case ***
2024-09-12 15:09:07,929 - WARNING - Status Solved
2024-09-12 15:09:07,929 - INFO - >>>> Take stock ['TM243H00000094']
2024-09-12 15:09:07,929 - INFO - >>>> Overcut amount {'F39': 6128.94}
2024-09-12 15:09:07,929 - INFO - >>>> STOCKS USED 1
2024-09-12 15:09:07,929 - INFO - >>>> TRIM LOSS PERCENT OF EACH STOCK [0.589]
2024-09-12 15:09:07,929 - INFO - >>>> TOTAL STOCK RATIO (OVER CUT): {'F39': 0.7008}
2024-09-12 15:09:07,934 - INFO - ->>>> The solution CSC+JSH590R-PO+2.6-CIC- bound 1.0 EXCEL saved
2024-09-12 15:09:07,934 - WARNING - ->>> Remained finish to cut in next WH {'F39': 0}
2024-09-12 15:09:07,934 - INFO -  STOCK-AFTER-CUT CIC: {'F39': 6128.94}
2024-09-12 15:09:07,934 - INFO - --- DONE TASK CIC---
2024-09-12 15:09:07,934 - INFO - -> START processing JOB 10 PARAMS: [POSCOVN SPCC-SD 1.6]
2024-09-12 15:09:07,934 - INFO - ->> for CUSTOMER CICVPIC1
2024-09-12 15:09:07,934 - INFO - ->>> WareHouse priority ['HSC', 'NST', None]
2024-09-12 15:09:07,934 - INFO - ->>> Number of stocks left: 1
2024-09-12 15:09:07,934 - INFO - ->>> cut in WH HSC
2024-09-12 15:09:07,934 - INFO - ->>> SUB-TASK: 10 FINISH  w 1 MC
2024-09-12 15:09:07,934 - INFO - *** NORMAL case ***
2024-09-12 15:09:08,572 - WARNING - Status Solved
2024-09-12 15:09:08,572 - INFO - >>>> Take stock ['TP234H005714']
2024-09-12 15:09:08,572 - INFO - >>>> Overcut amount {'F231': 2066.76, 'F496': 0.0, 'F494': 0.0, 'F229': 0.0, 'F228': 285.07, 'F240': 468.708, 'F499': 0.0, 'F234': 133.07}
2024-09-12 15:09:08,572 - INFO - >>>> STOCKS USED 1
2024-09-12 15:09:08,572 - INFO - >>>> TRIM LOSS PERCENT OF EACH STOCK [1.477]
2024-09-12 15:09:08,572 - INFO - >>>> TOTAL STOCK RATIO (OVER CUT): {'F231': 0.3497, 'F496': 0.0, 'F494': 0.0, 'F229': 0.0, 'F228': 0.6805, 'F240': 0.4655, 'F499': 0.0, 'F234': 0.3412}
2024-09-12 15:09:08,577 - INFO - ->>>> The solution POSCOVN+SPCC-SD+1.6-CICVPIC1- bound 0.5 EXCEL saved
2024-09-12 15:09:08,577 - WARNING - ->>> Remained finish to cut in next WH {'F233': 0.0, 'F231': 0, 'F496': 0, 'F494': 0, 'F229': 0, 'F228': 0, 'F500': 0.0, 'F240': 0, 'F499': 0, 'F234': 0}
2024-09-12 15:09:08,577 - INFO -  STOCK-AFTER-CUT CICVPIC1: {'F231': 2066.76, 'F496': 0.0, 'F494': 0.0, 'F229': 0.0, 'F228': 285.07, 'F240': 468.708, 'F499': 0.0, 'F234': 133.07}
2024-09-12 15:09:08,577 - INFO - --- DONE TASK CICVPIC1---
2024-09-12 15:09:08,578 - INFO - -> START processing JOB 11 PARAMS: [POSCO JSH270C-PO 3.2]
2024-09-12 15:09:08,578 - INFO - ->> for CUSTOMER CICVPIC1
2024-09-12 15:09:08,578 - INFO - ->>> WareHouse priority ['NQS', 'HSC', None]
2024-09-12 15:09:08,578 - INFO - ->>> Number of stocks left: 8
2024-09-12 15:09:08,578 - INFO - ->>> cut in WH NQS
2024-09-12 15:09:08,578 - INFO - ->>> SUB-TASK: 16 FINISH  w 3 MC
2024-09-12 15:09:08,578 - INFO - *** NORMAL case ***
2024-09-12 15:09:12,409 - WARNING - Status Solved
2024-09-12 15:09:12,409 - INFO - >>>> Take stock ['HTV1366/23-D1', 'HTV1525/23']
2024-09-12 15:09:12,409 - INFO - >>>> Overcut amount {'F303': -9997.0, 'F11': -638.0, 'F309': -4120.0, 'F162': 475.557, 'F10': -524.0, 'F160': -3437.0, 'F312': -3535.0, 'F9': 2869.663, 'F314': -140.0, 'F8': -2000.0, 'F295': -1505.0, 'F297': 3756.86, 'F15': -202.0, 'F14': -372.706, 'F13': -2063.7, 'F12': 581.99}
2024-09-12 15:09:12,410 - INFO - >>>> Stocks to continue to cut dict_keys(['HTV1368/23-D1'])
2024-09-12 15:09:13,783 - WARNING - Status Solved
2024-09-12 15:09:13,783 - INFO - >>>> Take stock ['HTV1366/23-D1', 'HTV1525/23', 'HTV1368/23-D1']
2024-09-12 15:09:13,783 - INFO - >>>> Overcut amount {'F303': -7831.05, 'F11': -638.0, 'F309': -4120.0, 'F162': 475.557, 'F10': -524.0, 'F160': -3437.0, 'F312': 1718.71, 'F9': 2869.663, 'F314': -140.0, 'F8': -2000.0, 'F295': -1505.0, 'F297': 3756.86, 'F15': -202.0, 'F14': 14.074, 'F13': -2063.7, 'F12': 581.99}
2024-09-12 15:09:13,783 - INFO - >>>> STOCKS USED 3
2024-09-12 15:09:13,783 - INFO - >>>> TRIM LOSS PERCENT OF EACH STOCK [0.656, 0.656, 0.656]
2024-09-12 15:09:13,783 - INFO - >>>> TOTAL STOCK RATIO (OVER CUT): {'F303': -0.2608, 'F11': -0.1146, 'F309': -0.7466, 'F162': 0.0683, 'F10': -0.308, 'F160': -0.292, 'F312': 0.2663, 'F9': 1.4749, 'F314': -0.0695, 'F8': -0.3242, 'F295': -1.0543, 'F297': 1.2898, 'F15': -0.0691, 'F14': 0.0088, 'F13': -1.0409, 'F12': 0.2961}
2024-09-12 15:09:13,789 - INFO - ->>>> The solution POSCO+JSH270C-PO+3.2-CICVPIC1- bound 0.5 EXCEL saved
2024-09-12 15:09:13,789 - WARNING - ->>> Remained finish to cut in next WH {'F303': -7831.05, 'F11': -638.0, 'F309': -4120.0, 'F162': 0, 'F10': -524.0, 'F160': -3437.0, 'F312': 0, 'F9': 0, 'F314': -140.0, 'F8': -2000.0, 'F295': -1505.0, 'F297': 0, 'F15': -202.0, 'F14': 0, 'F13': -2063.7, 'F12': 0}
2024-09-12 15:09:13,789 - WARNING - Error with Customer CICVPIC1: <class 'IndexError'> list index out of range
2024-09-12 15:09:13,789 - INFO - Occured on line 223
2024-09-12 15:09:13,789 - INFO - -> START processing JOB 12 PARAMS: [POSCO JSH270C-PO 2.3]
2024-09-12 15:09:13,789 - INFO - ->> for CUSTOMER CICVPIC1
2024-09-12 15:09:13,789 - INFO - ->>> WareHouse priority ['NQS', 'HSC', None]
2024-09-12 15:09:13,789 - INFO - ->>> Number of stocks left: 3
2024-09-12 15:09:13,789 - INFO - ->>> cut in WH NQS
2024-09-12 15:09:13,789 - INFO - ->>> SUB-TASK: 12 FINISH  w 3 MC
2024-09-12 15:09:13,789 - INFO - *** NORMAL case ***
2024-09-12 15:09:16,899 - WARNING - Status Solved
2024-09-12 15:09:16,900 - INFO - >>>> Take stock ['HTV0247/24', 'HTV0581/24']
2024-09-12 15:09:16,900 - INFO - >>>> Overcut amount {'F364': -2054.0, 'F26': 910.539, 'F361': -6.16, 'F24': -425.0, 'F360': 250.99, 'F22': 2006.455, 'F21': 3495.972, 'F359': 312.06, 'F367': 521.82, 'F133': 468.67, 'F42': 1362.73, 'F365': -857.28}
2024-09-12 15:09:16,900 - INFO - >>>> Stocks to continue to cut dict_keys(['HTV0876/23'])
2024-09-12 15:09:17,661 - WARNING - Status Solved
2024-09-12 15:09:17,661 - INFO - >>>> Take stock ['HTV0247/24', 'HTV0581/24', 'HTV0876/23']
2024-09-12 15:09:17,661 - INFO - >>>> Overcut amount {'F364': 1918.11, 'F26': 910.539, 'F361': 847.84, 'F24': 422.38, 'F360': 250.99, 'F22': 2006.455, 'F21': 3495.972, 'F359': 987.32, 'F367': 521.82, 'F133': 468.67, 'F42': 1362.73, 'F365': 811.01}
2024-09-12 15:09:17,661 - INFO - >>>> STOCKS USED 3
2024-09-12 15:09:17,661 - INFO - >>>> TRIM LOSS PERCENT OF EACH STOCK [0.469, 0.469, 0.656]
2024-09-12 15:09:17,661 - INFO - >>>> TOTAL STOCK RATIO (OVER CUT): {'F364': 0.1238, 'F26': 0.3444, 'F361': 0.1598, 'F24': 0.2528, 'F360': 0.0773, 'F22': 0.7406, 'F21': 1.5888, 'F359': 0.9853, 'F367': 1.0715, 'F133': 1.7433, 'F42': 2.4217, 'F365': 0.6329}
2024-09-12 15:09:17,668 - INFO - ->>>> The solution POSCO+JSH270C-PO+2.3-CICVPIC1- bound 0.5 EXCEL saved
2024-09-12 15:09:17,668 - WARNING - ->>> Remained finish to cut in next WH {'F364': 0, 'F26': 0, 'F361': 0, 'F24': 0, 'F360': 0, 'F22': 0, 'F21': 0, 'F359': 0, 'F367': 0, 'F133': 0, 'F42': 0, 'F365': 0}
2024-09-12 15:09:17,668 - INFO -  STOCK-AFTER-CUT CICVPIC1: {'F364': 1918.11, 'F26': 910.539, 'F361': 847.84, 'F24': 422.38, 'F360': 250.99, 'F22': 2006.455, 'F21': 3495.972, 'F359': 987.32, 'F367': 521.82, 'F133': 468.67, 'F42': 1362.73, 'F365': 811.01}
2024-09-12 15:09:17,668 - INFO - --- DONE TASK CICVPIC1---
2024-09-12 15:09:17,668 - INFO - -> START processing JOB 13 PARAMS: [CSVC JSH440W-PO 3.2]
2024-09-12 15:09:17,668 - INFO - ->> for CUSTOMER CIC
2024-09-12 15:09:17,669 - INFO - ->>> WareHouse priority ['NQS', 'HSC', None]
2024-09-12 15:09:17,669 - INFO - ->>> Number of stocks left: 3
2024-09-12 15:09:17,669 - INFO - ->>> cut in WH NQS
2024-09-12 15:09:17,669 - INFO - ->>> SUB-TASK: 3 FINISH  w 3 MC
2024-09-12 15:09:17,669 - INFO - *** NORMAL case ***
2024-09-12 15:09:17,875 - WARNING - Status Solved
2024-09-12 15:09:17,875 - INFO - >>>> Take stock ['HTV0520/23']
2024-09-12 15:09:17,875 - INFO - >>>> Overcut amount {'F125': 6900.254, 'F124': -5929.0, 'F123': -1347.17}
2024-09-12 15:09:17,875 - INFO - >>>> Stocks to continue to cut dict_keys(['HTV0729/23', 'HTV0519/23'])
2024-09-12 15:09:17,997 - WARNING - Status Solved
2024-09-12 15:09:17,997 - INFO - >>>> Take stock ['HTV0520/23', 'HTV0519/23', 'HTV0729/23']
2024-09-12 15:09:17,997 - INFO - >>>> Overcut amount {'F125': 6900.254, 'F124': -2404.49, 'F123': 1362.79}
2024-09-12 15:09:17,997 - INFO - >>>> STOCKS USED 3
2024-09-12 15:09:17,997 - INFO - >>>> TRIM LOSS PERCENT OF EACH STOCK [1.559, 2.051, 2.051]
2024-09-12 15:09:17,997 - INFO - >>>> TOTAL STOCK RATIO (OVER CUT): {'F125': 0.458, 'F124': -0.1913, 'F123': 0.2868}
2024-09-12 15:09:18,002 - INFO - ->>>> The solution CSVC+JSH440W-PO+3.2-CIC- bound 0.5 EXCEL saved
2024-09-12 15:09:18,003 - WARNING - ->>> Remained finish to cut in next WH {'F125': 0, 'F124': -2404.49, 'F123': 0}
2024-09-12 15:09:18,003 - INFO -  STOCK-AFTER-CUT CIC: {'F125': 6900.254, 'F124': -2404.49, 'F123': 1362.79}
2024-09-12 15:09:18,003 - INFO - --- DONE TASK CIC---
2024-09-12 15:09:18,003 - INFO - **** ALL JOB ENDED **** 
2024-09-12 18:16:35,296 - INFO - *** LOAD JOB LIST ***
2024-09-12 18:16:35,297 - INFO - --- PROCEED JOBS ---
2024-09-12 18:16:35,297 - INFO - -> START processing JOB 0 PARAMS: [POSCOVN SPCC-SD 1.2]
2024-09-12 18:16:35,297 - INFO - ->> for CUSTOMER CICVPIC1
2024-09-12 18:16:35,297 - INFO - ->>> WareHouse priority ['HSC', 'NST', None]
2024-09-12 18:16:35,297 - INFO - ->>> Number of stocks left: 2
2024-09-12 18:16:35,297 - INFO - ->>> cut in WH HSC
2024-09-12 18:16:35,297 - INFO - ->>> SUB-TASK: 4 FINISH  w 2 MC
2024-09-12 18:16:35,297 - INFO - *** NORMAL case ***
2024-09-12 18:16:35,400 - WARNING - Status Infeasible
2024-09-12 18:16:35,400 - WARNING - ->>>> The solution - bound 0.5 is empty.
2024-09-12 18:16:35,400 - INFO - *** NORMAL case ***
2024-09-12 18:16:35,498 - WARNING - Status Infeasible
2024-09-12 18:16:35,498 - WARNING - ->>>> The solution - bound 1.0 is empty.
2024-09-12 18:16:35,498 - INFO - *** NORMAL case ***
2024-09-12 18:16:35,595 - WARNING - Status Infeasible
2024-09-12 18:16:35,596 - WARNING - ->>>> The solution - bound 1.5 is empty.
2024-09-12 18:16:35,596 - WARNING - ->>> Remained finish to cut in next WH {'F480': 0.0, 'F483': -300.0, 'F270': 0.0, 'F211': -577.0}
2024-09-12 18:16:35,596 - INFO -  STOCK-AFTER-CUT CICVPIC1: {}
2024-09-12 18:16:35,596 - INFO - --- DONE TASK CICVPIC1---
2024-09-12 18:16:35,596 - INFO - -> START processing JOB 1 PARAMS: [CSVC JSH270C-PO 2.0]
2024-09-12 18:16:35,596 - INFO - ->> for CUSTOMER CICVPIC1
2024-09-12 18:16:35,596 - INFO - ->>> WareHouse priority ['NQS', 'HSC', 'NST']
2024-09-12 18:16:35,596 - INFO - ->>> Number of stocks left: 8
2024-09-12 18:16:35,596 - INFO - ->>> cut in WH NQS
2024-09-12 18:16:35,596 - INFO - ->>> SUB-TASK: 23 FINISH  w 8 MC
2024-09-12 18:16:35,596 - INFO - *** NORMAL case ***
2024-09-12 18:16:49,198 - WARNING - Status Solved
2024-09-12 18:16:49,198 - INFO - >>>> Take stock ['HTV1059/24', 'Z5']
2024-09-12 18:16:49,198 - INFO - >>>> Overcut amount {'F104': -217.0, 'F99': -150.0, 'F401': -1900.0, 'F91': -568.0, 'F397': -148.0, 'F396': -1300.0, 'F88': -227.108, 'F395': -857.0, 'F87': -2031.778, 'F84': -1508.0, 'F83': 2618.77, 'F391': 2418.63, 'F81': -37.761, 'F115': -568.058, 'F113': -74.0, 'F415': -4778.0, 'F111': -734.307, 'F109': 1232.982, 'F411': 1617.1, 'F410': -4778.74, 'F108': 918.759, 'F407': 2028.71, 'F406': 584.48}
2024-09-12 18:16:49,198 - INFO - >>>> Stocks to continue to cut dict_keys(['HTV1983/23-1', 'HTV1983/23-2', 'X8', 'X9', 'X7', 'HTV1060/24'])
2024-09-12 18:17:00,462 - WARNING - Status Solved
2024-09-12 18:17:00,462 - INFO - >>>> Take stock ['HTV1059/24', 'Z5', 'HTV1060/24', 'HTV1983/23-1']
2024-09-12 18:17:00,462 - INFO - >>>> Overcut amount {'F104': -217.0, 'F99': -150.0, 'F401': -1900.0, 'F91': 3231.25, 'F397': 1102.88, 'F396': 454.84, 'F88': -227.108, 'F395': -857.0, 'F87': -2031.778, 'F84': 3588.19, 'F83': 2618.77, 'F391': 3850.23, 'F81': 1366.309, 'F115': -568.058, 'F113': -74.0, 'F415': -3563.11, 'F111': -734.307, 'F109': 1232.982, 'F411': 1617.1, 'F410': -4454.77, 'F108': 918.759, 'F407': 2028.71, 'F406': 1019.97}
2024-09-12 18:17:00,462 - INFO - >>>> Stocks to continue to cut dict_keys(['HTV1983/23-2', 'X8', 'X9', 'X7'])
2024-09-12 18:17:03,882 - WARNING - Status Solved
2024-09-12 18:17:03,882 - INFO - >>>> Take stock ['HTV1059/24', 'Z5', 'HTV1060/24', 'HTV1983/23-1', 'HTV1983/23-2', 'X7']
2024-09-12 18:17:03,882 - INFO - >>>> Overcut amount {'F104': -217.0, 'F99': -150.0, 'F401': -1900.0, 'F91': 3231.25, 'F397': 1102.88, 'F396': 2587.74, 'F88': -227.108, 'F395': 988.78, 'F87': -2031.778, 'F84': 3588.19, 'F83': 2618.77, 'F391': 3850.23, 'F81': 1366.309, 'F115': 834.732, 'F113': 368.99, 'F415': 3524.67, 'F111': -311.007, 'F109': 1232.982, 'F411': 1617.1, 'F410': -1855.91, 'F108': 918.759, 'F407': 2028.71, 'F406': 1019.97}
2024-09-12 18:17:03,882 - INFO - >>>> Stocks to continue to cut dict_keys(['X8', 'X9'])
2024-09-12 18:17:05,571 - WARNING - Status Solved
2024-09-12 18:17:05,571 - INFO - >>>> Take stock ['HTV1059/24', 'Z5', 'HTV1060/24', 'HTV1983/23-1', 'HTV1983/23-2', 'X7', 'X8']
2024-09-12 18:17:05,571 - INFO - >>>> Overcut amount {'F104': -217.0, 'F99': -150.0, 'F401': -571.04, 'F91': 3231.25, 'F397': 1102.88, 'F396': 2587.74, 'F88': -227.108, 'F395': 1911.67, 'F87': 626.142, 'F84': 3588.19, 'F83': 2618.77, 'F391': 3850.23, 'F81': 1366.309, 'F115': 834.732, 'F113': 368.99, 'F415': 3524.67, 'F111': 1593.833, 'F109': 1232.982, 'F411': 1617.1, 'F410': 270.42, 'F108': 918.759, 'F407': 2028.71, 'F406': 1019.97}
2024-09-12 18:17:05,571 - INFO - >>>> Stocks to continue to cut dict_keys(['X9'])
2024-09-12 18:17:05,888 - WARNING - Status Solved
2024-09-12 18:17:05,889 - INFO - >>>> Take stock ['HTV1059/24', 'Z5', 'HTV1060/24', 'HTV1983/23-1', 'HTV1983/23-2', 'X7', 'X8', 'X9']
2024-09-12 18:17:05,889 - INFO - >>>> Overcut amount {'F104': -217.0, 'F99': -150.0, 'F401': 2234.54, 'F91': 3231.25, 'F397': 1102.88, 'F396': 2587.74, 'F88': 754.842, 'F395': 1911.67, 'F87': 1561.332, 'F84': 3588.19, 'F83': 2618.77, 'F391': 3850.23, 'F81': 1366.309, 'F115': 834.732, 'F113': 368.99, 'F415': 4226.06, 'F111': 2264.053, 'F109': 1232.982, 'F411': 1617.1, 'F410': 3637.11, 'F108': 918.759, 'F407': 2028.71, 'F406': 1019.97}
2024-09-12 18:17:05,889 - INFO - >>>> STOCKS USED 8
2024-09-12 18:17:05,889 - INFO - >>>> TRIM LOSS PERCENT OF EACH STOCK [0.41, 0.41, 0.41, 0.41, 0.41, 0.41, 0.656, 0.41]
2024-09-12 18:17:05,889 - INFO - >>>> TOTAL STOCK RATIO (OVER CUT): {'F104': -0.382, 'F99': -0.3826, 'F401': 0.7821, 'F91': 4.4434, 'F397': 0.9769, 'F396': 2.1989, 'F88': 0.7184, 'F395': 0.9453, 'F87': 0.7371, 'F84': 1.7881, 'F83': 1.5263, 'F391': 0.7857, 'F81': 2.2161, 'F115': 0.6474, 'F113': 1.1606, 'F415': 0.3904, 'F111': 0.8312, 'F109': 1.1773, 'F411': 2.3556, 'F410': 0.5535, 'F108': 3.8757, 'F407': 3.7906, 'F406': 1.0427}
2024-09-12 18:17:05,962 - INFO - ->>>> The solution CSVC+JSH270C-PO+2.0-CICVPIC1- bound 0.5 EXCEL saved
2024-09-12 18:17:05,962 - WARNING - ->>> Remained finish to cut in next WH {'F104': -217.0, 'F99': -150.0, 'F401': 0, 'F91': 0, 'F397': 0, 'F396': 0, 'F88': 0, 'F395': 0, 'F87': 0, 'F84': 0, 'F83': 0, 'F391': 0, 'F81': 0, 'F115': 0, 'F113': 0, 'F415': 0, 'F111': 0, 'F109': 0, 'F411': 0, 'F410': 0, 'F108': 0, 'F407': 0, 'F406': 0}
2024-09-12 18:17:05,962 - INFO -  STOCK-AFTER-CUT CICVPIC1: {'F104': -217.0, 'F99': -150.0, 'F401': 2234.54, 'F91': 3231.25, 'F397': 1102.88, 'F396': 2587.74, 'F88': 754.842, 'F395': 1911.67, 'F87': 1561.332, 'F84': 3588.19, 'F83': 2618.77, 'F391': 3850.23, 'F81': 1366.309, 'F115': 834.732, 'F113': 368.99, 'F415': 4226.06, 'F111': 2264.053, 'F109': 1232.982, 'F411': 1617.1, 'F410': 3637.11, 'F108': 918.759, 'F407': 2028.71, 'F406': 1019.97}
2024-09-12 18:17:05,962 - INFO - --- DONE TASK CICVPIC1---
2024-09-12 18:17:05,962 - INFO - -> START processing JOB 2 PARAMS: [CSC JSC590R-SD 1.6]
2024-09-12 18:17:05,962 - INFO - ->> for CUSTOMER CIC
2024-09-12 18:17:05,962 - INFO - ->>> WareHouse priority ['HSC', None, None]
2024-09-12 18:17:05,962 - INFO - ->>> Number of stocks left: 7
2024-09-12 18:17:05,962 - INFO - ->>> cut in WH HSC
2024-09-12 18:17:05,962 - INFO - ->>> SUB-TASK: 2 FINISH  w 7 MC
2024-09-12 18:17:05,962 - INFO - *** NORMAL case ***
2024-09-12 18:17:06,589 - WARNING - Status Solved
2024-09-12 18:17:06,589 - INFO - >>>> Take stock ['TP234H001880', 'TP235H002665']
2024-09-12 18:17:06,589 - INFO - >>>> Overcut amount {'F6': -2484.885, 'F5': 1872.38}
2024-09-12 18:17:06,589 - INFO - >>>> Stocks to continue to cut dict_keys(['TM246H00000162', 'TR246H00000085', 'TM246H00000163', 'TP235H002666', 'TM246H00000161'])
2024-09-12 18:17:06,985 - WARNING - Status Solved
2024-09-12 18:17:06,985 - INFO - >>>> Take stock ['TP234H001880', 'TP235H002665', 'TM246H00000162']
2024-09-12 18:17:06,985 - INFO - >>>> Overcut amount {'F6': 4064.845, 'F5': 1872.38}
2024-09-12 18:17:06,985 - INFO - >>>> STOCKS USED 3
2024-09-12 18:17:06,985 - INFO - >>>> TRIM LOSS PERCENT OF EACH STOCK [1.313, 1.313, 3.61]
2024-09-12 18:17:06,985 - INFO - >>>> TOTAL STOCK RATIO (OVER CUT): {'F6': 0.3093, 'F5': 0.2957}
2024-09-12 18:17:06,991 - INFO - ->>>> The solution CSC+JSC590R-SD+1.6-CIC- bound 0.5 EXCEL saved
2024-09-12 18:17:06,991 - WARNING - ->>> Remained finish to cut in next WH {'F6': 0, 'F5': 0}
2024-09-12 18:17:06,991 - INFO -  STOCK-AFTER-CUT CIC: {'F6': 4064.845, 'F5': 1872.38}
2024-09-12 18:17:06,991 - INFO - --- DONE TASK CIC---
2024-09-12 18:17:06,991 - INFO - -> START processing JOB 3 PARAMS: [CSC JSH590R-PO 2.6]
2024-09-12 18:17:06,991 - INFO - ->> for CUSTOMER CIC
2024-09-12 18:17:06,991 - INFO - ->>> WareHouse priority ['HSC', 'NQS', None]
2024-09-12 18:17:06,991 - INFO - ->>> Number of stocks left: 2
2024-09-12 18:17:06,991 - INFO - ->>> cut in WH HSC
2024-09-12 18:17:06,991 - INFO - ->>> SUB-TASK: 1 FINISH  w 2 MC
2024-09-12 18:17:06,991 - INFO - *** NORMAL case ***
2024-09-12 18:17:07,069 - WARNING - Status Infeasible
2024-09-12 18:17:07,070 - WARNING - ->>>> The solution - bound 0.5 is empty.
2024-09-12 18:17:07,070 - INFO - *** NORMAL case ***
2024-09-12 18:17:07,156 - WARNING - Status Solved
2024-09-12 18:17:07,156 - INFO - >>>> Take stock ['TM243H00000094']
2024-09-12 18:17:07,156 - INFO - >>>> Overcut amount {'F39': 6128.94}
2024-09-12 18:17:07,156 - INFO - >>>> STOCKS USED 1
2024-09-12 18:17:07,156 - INFO - >>>> TRIM LOSS PERCENT OF EACH STOCK [0.589]
2024-09-12 18:17:07,156 - INFO - >>>> TOTAL STOCK RATIO (OVER CUT): {'F39': 0.7008}
2024-09-12 18:17:07,162 - INFO - ->>>> The solution CSC+JSH590R-PO+2.6-CIC- bound 1.0 EXCEL saved
2024-09-12 18:17:07,162 - WARNING - ->>> Remained finish to cut in next WH {'F39': 0}
2024-09-12 18:17:07,162 - INFO -  STOCK-AFTER-CUT CIC: {'F39': 6128.94}
2024-09-12 18:17:07,162 - INFO - --- DONE TASK CIC---
2024-09-12 18:17:07,162 - INFO - -> START processing JOB 4 PARAMS: [POSCO JSH270C-PO 2.3]
2024-09-12 18:17:07,162 - INFO - ->> for CUSTOMER CICVPIC1
2024-09-12 18:17:07,162 - INFO - ->>> WareHouse priority ['NQS', 'HSC', None]
2024-09-12 18:17:07,162 - INFO - ->>> Number of stocks left: 3
2024-09-12 18:17:07,162 - INFO - ->>> cut in WH NQS
2024-09-12 18:17:07,162 - INFO - ->>> SUB-TASK: 12 FINISH  w 3 MC
2024-09-12 18:17:07,162 - INFO - *** NORMAL case ***
2024-09-12 18:17:10,261 - WARNING - Status Solved
2024-09-12 18:17:10,261 - INFO - >>>> Take stock ['HTV0247/24', 'HTV0581/24']
2024-09-12 18:17:10,261 - INFO - >>>> Overcut amount {'F364': -2054.0, 'F26': 910.539, 'F361': -6.16, 'F24': -425.0, 'F360': 250.99, 'F22': 2006.455, 'F21': 3495.972, 'F359': 312.06, 'F367': 521.82, 'F133': 468.67, 'F42': 1362.73, 'F365': -857.28}
2024-09-12 18:17:10,261 - INFO - >>>> Stocks to continue to cut dict_keys(['HTV0876/23'])
2024-09-12 18:17:10,994 - WARNING - Status Solved
2024-09-12 18:17:10,994 - INFO - >>>> Take stock ['HTV0247/24', 'HTV0581/24', 'HTV0876/23']
2024-09-12 18:17:10,994 - INFO - >>>> Overcut amount {'F364': 1918.11, 'F26': 910.539, 'F361': 847.84, 'F24': 422.38, 'F360': 250.99, 'F22': 2006.455, 'F21': 3495.972, 'F359': 987.32, 'F367': 521.82, 'F133': 468.67, 'F42': 1362.73, 'F365': 811.01}
2024-09-12 18:17:10,994 - INFO - >>>> STOCKS USED 3
2024-09-12 18:17:10,994 - INFO - >>>> TRIM LOSS PERCENT OF EACH STOCK [0.469, 0.469, 0.656]
2024-09-12 18:17:10,994 - INFO - >>>> TOTAL STOCK RATIO (OVER CUT): {'F364': 0.1238, 'F26': 0.3444, 'F361': 0.1598, 'F24': 0.2528, 'F360': 0.0773, 'F22': 0.7406, 'F21': 1.5888, 'F359': 0.9853, 'F367': 1.0715, 'F133': 1.7433, 'F42': 2.4217, 'F365': 0.6329}
2024-09-12 18:17:11,001 - INFO - ->>>> The solution POSCO+JSH270C-PO+2.3-CICVPIC1- bound 0.5 EXCEL saved
2024-09-12 18:17:11,001 - WARNING - ->>> Remained finish to cut in next WH {'F364': 0, 'F26': 0, 'F361': 0, 'F24': 0, 'F360': 0, 'F22': 0, 'F21': 0, 'F359': 0, 'F367': 0, 'F133': 0, 'F42': 0, 'F365': 0}
2024-09-12 18:17:11,001 - INFO -  STOCK-AFTER-CUT CICVPIC1: {'F364': 1918.11, 'F26': 910.539, 'F361': 847.84, 'F24': 422.38, 'F360': 250.99, 'F22': 2006.455, 'F21': 3495.972, 'F359': 987.32, 'F367': 521.82, 'F133': 468.67, 'F42': 1362.73, 'F365': 811.01}
2024-09-12 18:17:11,001 - INFO - --- DONE TASK CICVPIC1---
2024-09-12 18:17:11,001 - INFO - -> START processing JOB 5 PARAMS: [POSCO JSH270C-PO 2.6]
2024-09-12 18:17:11,001 - INFO - ->> for CUSTOMER CICVPIC1
2024-09-12 18:17:11,001 - INFO - ->>> WareHouse priority ['NQS', 'HSC', 'NST']
2024-09-12 18:17:11,001 - INFO - ->>> Number of stocks left: 9
2024-09-12 18:17:11,001 - INFO - ->>> cut in WH NQS
2024-09-12 18:17:11,001 - INFO - ->>> SUB-TASK: 18 FINISH  w 7 MC
2024-09-12 18:17:11,001 - INFO - *** NORMAL case ***
2024-09-12 18:17:20,427 - WARNING - Status Solved
2024-09-12 18:17:20,427 - INFO - >>>> Take stock ['HTV0828/23-D1', 'HTV1363/23', 'Z3']
2024-09-12 18:17:20,427 - INFO - >>>> Overcut amount {'F379': -920.0, 'F146': -11.8, 'F375': -9770.0, 'F374': -412.0, 'F372': -1819.0, 'F142': -788.267, 'F141': -1419.2, 'F138': -100.0, 'F370': -4616.0, 'F136': 934.41, 'F369': 4513.05, 'F134': -1066.127, 'F368': -339.64, 'F154': -200.0, 'F153': 288.94, 'F381': -1419.96, 'F152': 1502.551, 'F151': 497.21}
2024-09-12 18:17:20,427 - INFO - >>>> Stocks to continue to cut dict_keys(['HTV0895/23', 'X3', 'Z4', 'X4'])
2024-09-12 18:17:25,232 - WARNING - Status Solved
2024-09-12 18:17:25,232 - INFO - >>>> Take stock ['HTV0828/23-D1', 'HTV1363/23', 'Z3', 'HTV0895/23', 'X4', 'Z4']
2024-09-12 18:17:25,232 - INFO - >>>> Overcut amount {'F379': 352.77, 'F146': -11.8, 'F375': -524.72, 'F374': 1299.65, 'F372': 2085.43, 'F142': -788.267, 'F141': -1419.2, 'F138': -100.0, 'F370': -2179.0, 'F136': 934.41, 'F369': 4513.05, 'F134': -600.907, 'F368': 121.19, 'F154': 361.12, 'F153': 1380.0, 'F381': 575.12, 'F152': 1502.551, 'F151': 497.21}
2024-09-12 18:17:25,232 - INFO - >>>> Stocks to continue to cut dict_keys(['X3'])
2024-09-12 18:17:26,072 - WARNING - Status Solved
2024-09-12 18:17:26,072 - INFO - >>>> Take stock ['HTV0828/23-D1', 'HTV1363/23', 'Z3', 'HTV0895/23', 'X4', 'Z4', 'X3']
2024-09-12 18:17:26,072 - INFO - >>>> Overcut amount {'F379': 352.77, 'F146': -11.8, 'F375': -524.72, 'F374': 1299.65, 'F372': 2085.43, 'F142': 1980.393, 'F141': -1419.2, 'F138': -100.0, 'F370': 823.46, 'F136': 934.41, 'F369': 4513.05, 'F134': 51.263, 'F368': 767.21, 'F154': 361.12, 'F153': 1380.0, 'F381': 968.88, 'F152': 1502.551, 'F151': 497.21}
2024-09-12 18:17:26,072 - INFO - >>>> STOCKS USED 7
2024-09-12 18:17:26,072 - INFO - >>>> TRIM LOSS PERCENT OF EACH STOCK [0.722, 0.492, 0.492, 0.492, 0.492, 1.559, 0.492]
2024-09-12 18:17:26,072 - WARNING - >>>> ZERO Forecast Data
2024-09-12 18:17:26,080 - INFO - ->>>> The solution POSCO+JSH270C-PO+2.6-CICVPIC1- bound 0.5 EXCEL saved
2024-09-12 18:17:26,080 - WARNING - ->>> Remained finish to cut in next WH {'F379': 0, 'F146': -11.8, 'F375': -524.72, 'F374': 0, 'F372': 0, 'F142': 0, 'F141': -1419.2, 'F138': -100.0, 'F370': 0, 'F136': 0, 'F369': 0, 'F134': 0, 'F368': 0, 'F154': 0, 'F153': 0, 'F381': 0, 'F152': 0, 'F151': 0}
2024-09-12 18:17:26,080 - WARNING - Error with Customer CICVPIC1: <class 'IndexError'> list index out of range
2024-09-12 18:17:26,080 - INFO - Occured on line 223
2024-09-12 18:17:26,080 - INFO - -> START processing JOB 6 PARAMS: [POSCOVN SPCC-SD 1.4]
2024-09-12 18:17:26,080 - INFO - ->> for CUSTOMER CICVPIC1
2024-09-12 18:17:26,080 - INFO - ->>> WareHouse priority ['HSC', 'NST', None]
2024-09-12 18:17:26,081 - INFO - ->>> Number of stocks left: 1
2024-09-12 18:17:26,081 - INFO - ->>> cut in WH HSC
2024-09-12 18:17:26,081 - INFO - ->>> SUB-TASK: 6 FINISH  w 1 MC
2024-09-12 18:17:26,081 - INFO - *** NORMAL case ***
2024-09-12 18:17:26,152 - WARNING - Status Infeasible
2024-09-12 18:17:26,152 - INFO - *** REWIND case ***
2024-09-12 18:17:26,894 - WARNING - Status Solved
2024-09-12 18:17:26,894 - INFO - >>>> Take stock ['TM244H00000309-Re1']
2024-09-12 18:17:26,894 - INFO - >>>> Overcut amount {'F218': -500.0, 'F486': -82.39, 'F225': -174.141, 'F223': 243.01, 'F490': -42.75, 'F488': 391.02}
2024-09-12 18:17:26,894 - INFO - >>>> Stocks to continue to cut dict_keys(['TM244H00000309-Re2'])
2024-09-12 18:17:27,390 - WARNING - Status Solved
2024-09-12 18:17:27,390 - INFO - >>>> Take stock ['TM244H00000309-Re1', 'TM244H00000309-Re2']
2024-09-12 18:17:27,390 - INFO - >>>> Overcut amount {'F218': 572.53, 'F486': 320.22, 'F225': 246.619, 'F223': 243.01, 'F490': 64.5, 'F488': 391.02}
2024-09-12 18:17:27,391 - INFO - >>>> STOCKS USED 2
2024-09-12 18:17:27,391 - INFO - >>>> TRIM LOSS PERCENT OF EACH STOCK [0.41, 0.41]
2024-09-12 18:17:27,391 - WARNING - >>>> ZERO Forecast Data
2024-09-12 18:17:27,396 - INFO - ->>>> The solution POSCOVN+SPCC-SD+1.4-CICVPIC1- bound 0.5 EXCEL saved
2024-09-12 18:17:27,396 - WARNING - ->>> Remained finish to cut in next WH {'F218': 0, 'F486': 0, 'F225': 0, 'F223': 0, 'F490': 0, 'F488': 0}
2024-09-12 18:17:27,396 - INFO -  STOCK-AFTER-CUT CICVPIC1: {'F218': 572.53, 'F486': 320.22, 'F225': 246.619, 'F223': 243.01, 'F490': 64.5, 'F488': 391.02}
2024-09-12 18:17:27,396 - INFO - --- DONE TASK CICVPIC1---
2024-09-12 18:17:27,396 - INFO - -> START processing JOB 7 PARAMS: [POSCOVN SPCC-SD 1.6]
2024-09-12 18:17:27,396 - INFO - ->> for CUSTOMER CICVPIC1
2024-09-12 18:17:27,396 - INFO - ->>> WareHouse priority ['HSC', 'NST', None]
2024-09-12 18:17:27,396 - INFO - ->>> Number of stocks left: 1
2024-09-12 18:17:27,396 - INFO - ->>> cut in WH HSC
2024-09-12 18:17:27,396 - INFO - ->>> SUB-TASK: 10 FINISH  w 1 MC
2024-09-12 18:17:27,396 - INFO - *** NORMAL case ***
2024-09-12 18:17:27,999 - WARNING - Status Solved
2024-09-12 18:17:27,999 - INFO - >>>> Take stock ['TP234H005714']
2024-09-12 18:17:27,999 - INFO - >>>> Overcut amount {'F231': 2066.76, 'F496': 0.0, 'F494': 0.0, 'F229': 0.0, 'F228': 285.07, 'F240': 468.708, 'F499': 0.0, 'F234': 133.07}
2024-09-12 18:17:27,999 - INFO - >>>> STOCKS USED 1
2024-09-12 18:17:27,999 - INFO - >>>> TRIM LOSS PERCENT OF EACH STOCK [1.477]
2024-09-12 18:17:27,999 - INFO - >>>> TOTAL STOCK RATIO (OVER CUT): {'F231': 0.3497, 'F496': 0.0, 'F494': 0.0, 'F229': 0.0, 'F228': 0.6805, 'F240': 0.4655, 'F499': 0.0, 'F234': 0.3412}
2024-09-12 18:17:28,005 - INFO - ->>>> The solution POSCOVN+SPCC-SD+1.6-CICVPIC1- bound 0.5 EXCEL saved
2024-09-12 18:17:28,005 - WARNING - ->>> Remained finish to cut in next WH {'F233': 0.0, 'F231': 0, 'F496': 0, 'F494': 0, 'F229': 0, 'F228': 0, 'F500': 0.0, 'F240': 0, 'F499': 0, 'F234': 0}
2024-09-12 18:17:28,005 - INFO -  STOCK-AFTER-CUT CICVPIC1: {'F231': 2066.76, 'F496': 0.0, 'F494': 0.0, 'F229': 0.0, 'F228': 285.07, 'F240': 468.708, 'F499': 0.0, 'F234': 133.07}
2024-09-12 18:17:28,005 - INFO - --- DONE TASK CICVPIC1---
2024-09-12 18:17:28,005 - INFO - -> START processing JOB 8 PARAMS: [CSVC JSH440W-PO 3.2]
2024-09-12 18:17:28,005 - INFO - ->> for CUSTOMER CIC
2024-09-12 18:17:28,005 - INFO - ->>> WareHouse priority ['NQS', 'HSC', None]
2024-09-12 18:17:28,005 - INFO - ->>> Number of stocks left: 4
2024-09-12 18:17:28,005 - INFO - ->>> cut in WH NQS
2024-09-12 18:17:28,005 - INFO - ->>> SUB-TASK: 3 FINISH  w 4 MC
2024-09-12 18:17:28,005 - INFO - *** NORMAL case ***
2024-09-12 18:17:28,276 - WARNING - Status Solved
2024-09-12 18:17:28,276 - INFO - >>>> Take stock ['HTV0520/23']
2024-09-12 18:17:28,276 - INFO - >>>> Overcut amount {'F125': 6900.254, 'F124': -5929.0, 'F123': -1347.17}
2024-09-12 18:17:28,276 - INFO - >>>> Stocks to continue to cut dict_keys(['HTV0729/23', 'HTV0519/23', 'Y1'])
2024-09-12 18:17:28,504 - WARNING - Status Solved
2024-09-12 18:17:28,504 - INFO - >>>> Take stock ['HTV0520/23', 'HTV0519/23', 'HTV0729/23', 'Y1']
2024-09-12 18:17:28,504 - INFO - >>>> Overcut amount {'F125': 6900.254, 'F124': -189.56, 'F123': 3065.83}
2024-09-12 18:17:28,504 - INFO - >>>> STOCKS USED 4
2024-09-12 18:17:28,504 - INFO - >>>> TRIM LOSS PERCENT OF EACH STOCK [1.559, 2.051, 2.051, 2.051]
2024-09-12 18:17:28,504 - INFO - >>>> TOTAL STOCK RATIO (OVER CUT): {'F125': 0.458, 'F124': -0.0151, 'F123': 0.6453}
2024-09-12 18:17:28,509 - INFO - ->>>> The solution CSVC+JSH440W-PO+3.2-CIC- bound 0.5 EXCEL saved
2024-09-12 18:17:28,509 - WARNING - ->>> Remained finish to cut in next WH {'F125': 0, 'F124': -189.56, 'F123': 0}
2024-09-12 18:17:28,509 - INFO -  STOCK-AFTER-CUT CIC: {'F125': 6900.254, 'F124': -189.56, 'F123': 3065.83}
2024-09-12 18:17:28,509 - INFO - --- DONE TASK CIC---
2024-09-12 18:17:28,509 - INFO - -> START processing JOB 9 PARAMS: [POSCO JSH440W-PO 2.0]
2024-09-12 18:17:28,509 - INFO - ->> for CUSTOMER CICVPIC1
2024-09-12 18:17:28,509 - INFO - ->>> WareHouse priority ['NQS', 'HSC', None]
2024-09-12 18:17:28,509 - INFO - ->>> Number of stocks left: 8
2024-09-12 18:17:28,509 - WARNING - >>>> Out of stocks for for WH NQS
2024-09-12 18:17:28,509 - INFO - ->>> cut in WH HSC
2024-09-12 18:17:28,509 - INFO - ->>> SUB-TASK: 9 FINISH  w 8 MC
2024-09-12 18:17:28,509 - INFO - *** NORMAL case ***
2024-09-12 18:17:36,640 - WARNING - Status Solved
2024-09-12 18:17:36,640 - INFO - >>>> Take stock ['TM236H00000364', 'TP231H004996', 'TP233H000003']
2024-09-12 18:17:36,640 - INFO - >>>> Overcut amount {'F330': 1649.6, 'F261': 6226.322, 'F256': -926.539, 'F179': 1025.81, 'F178': -450.92, 'F259': 83.208, 'F176': -644.0, 'F332': 1041.18, 'F257': 162.58}
2024-09-12 18:17:36,640 - INFO - >>>> Stocks to continue to cut dict_keys(['TM236H00000365', 'TM246H00000203', 'TP231H005005', 'TM246H00000204', 'TM246H00000202'])
2024-09-12 18:17:38,361 - WARNING - Status Solved
2024-09-12 18:17:38,361 - INFO - >>>> Take stock ['TM236H00000364', 'TP231H004996', 'TP233H000003', 'TM236H00000365']
2024-09-12 18:17:38,361 - INFO - >>>> Overcut amount {'F330': 4279.79, 'F261': 6226.322, 'F256': -926.539, 'F179': 1025.81, 'F178': 778.41, 'F259': 1140.998, 'F176': 1357.23, 'F332': 1041.18, 'F257': 162.58}
2024-09-12 18:17:38,361 - INFO - >>>> Stocks to continue to cut dict_keys(['TM246H00000203', 'TP231H005005', 'TM246H00000204', 'TM246H00000202'])
2024-09-12 18:17:38,879 - WARNING - Status Solved
2024-09-12 18:17:38,879 - INFO - >>>> Take stock ['TM236H00000364', 'TP231H004996', 'TP233H000003', 'TM236H00000365', 'TM246H00000203']
2024-09-12 18:17:38,879 - INFO - >>>> Overcut amount {'F330': 7143.94, 'F261': 6226.322, 'F256': 2497.991, 'F179': 1025.81, 'F178': 778.41, 'F259': 1140.998, 'F176': 2446.85, 'F332': 1041.18, 'F257': 162.58}
2024-09-12 18:17:38,879 - INFO - >>>> STOCKS USED 5
2024-09-12 18:17:38,879 - INFO - >>>> TRIM LOSS PERCENT OF EACH STOCK [1.559, 3.146, 0.574, 0.738, 2.789]
2024-09-12 18:17:38,879 - INFO - >>>> TOTAL STOCK RATIO (OVER CUT): {'F330': 0.7227, 'F261': 0.2932, 'F256': 0.4094, 'F179': 0.5212, 'F178': 0.1267, 'F259': 0.0675, 'F176': 0.6446, 'F332': 1.1397, 'F257': 0.6532}
2024-09-12 18:17:38,886 - INFO - ->>>> The solution POSCO+JSH440W-PO+2.0-CICVPIC1- bound 0.5 EXCEL saved
2024-09-12 18:17:38,886 - WARNING - ->>> Remained finish to cut in next WH {'F330': 0, 'F261': 0, 'F256': 0, 'F179': 0, 'F178': 0, 'F259': 0, 'F176': 0, 'F332': 0, 'F257': 0}
2024-09-12 18:17:38,886 - INFO -  STOCK-AFTER-CUT CICVPIC1: {'F330': 7143.94, 'F261': 6226.322, 'F256': 2497.991, 'F179': 1025.81, 'F178': 778.41, 'F259': 1140.998, 'F176': 2446.85, 'F332': 1041.18, 'F257': 162.58}
2024-09-12 18:17:38,886 - INFO - --- DONE TASK CICVPIC1---
2024-09-12 18:17:38,886 - INFO - -> START processing JOB 10 PARAMS: [POSCO JSH270C-PO 3.2]
2024-09-12 18:17:38,886 - INFO - ->> for CUSTOMER CICVPIC1
2024-09-12 18:17:38,886 - INFO - ->>> WareHouse priority ['NQS', 'HSC', None]
2024-09-12 18:17:38,886 - INFO - ->>> Number of stocks left: 10
2024-09-12 18:17:38,886 - INFO - ->>> cut in WH NQS
2024-09-12 18:17:38,886 - INFO - ->>> SUB-TASK: 16 FINISH  w 5 MC
2024-09-12 18:17:38,886 - INFO - *** NORMAL case ***
2024-09-12 18:17:44,864 - WARNING - Status Solved
2024-09-12 18:17:44,864 - INFO - >>>> Take stock ['HTV1366/23-D1', 'HTV1525/23']
2024-09-12 18:17:44,864 - INFO - >>>> Overcut amount {'F303': -9997.0, 'F11': -638.0, 'F309': -4120.0, 'F162': 475.557, 'F10': -524.0, 'F160': -3437.0, 'F312': -3535.0, 'F9': 2869.663, 'F314': -140.0, 'F8': -2000.0, 'F295': -1505.0, 'F297': 3756.86, 'F15': -202.0, 'F14': -372.706, 'F13': -2063.7, 'F12': 581.99}
2024-09-12 18:17:44,864 - INFO - >>>> Stocks to continue to cut dict_keys(['HTV1368/23-D1', 'Z2', 'Z1'])
2024-09-12 18:17:48,194 - WARNING - Status Solved
2024-09-12 18:17:48,194 - INFO - >>>> Take stock ['HTV1366/23-D1', 'HTV1525/23', 'HTV1368/23-D1', 'Z1']
2024-09-12 18:17:48,194 - INFO - >>>> Overcut amount {'F303': -9997.0, 'F11': -638.0, 'F309': -4120.0, 'F162': 475.557, 'F10': -524.0, 'F160': 5245.53, 'F312': 2769.45, 'F9': 2869.663, 'F314': -140.0, 'F8': -1207.11, 'F295': -1505.0, 'F297': 3756.86, 'F15': -202.0, 'F14': -372.706, 'F13': -1354.61, 'F12': 581.99}
2024-09-12 18:17:48,194 - INFO - >>>> Stocks to continue to cut dict_keys(['Z2'])
2024-09-12 18:17:49,779 - WARNING - Status Solved
2024-09-12 18:17:49,779 - INFO - >>>> Take stock ['HTV1366/23-D1', 'HTV1525/23', 'HTV1368/23-D1', 'Z1', 'Z2']
2024-09-12 18:17:49,779 - INFO - >>>> Overcut amount {'F303': -9997.0, 'F11': -638.0, 'F309': -2613.85, 'F162': 475.557, 'F10': 745.07, 'F160': 5245.53, 'F312': 2769.45, 'F9': 2869.663, 'F314': -140.0, 'F8': -1207.11, 'F295': 503.2, 'F297': 3756.86, 'F15': 774.21, 'F14': -372.706, 'F13': 1329.97, 'F12': 581.99}
2024-09-12 18:17:49,779 - INFO - >>>> STOCKS USED 5
2024-09-12 18:17:49,779 - INFO - >>>> TRIM LOSS PERCENT OF EACH STOCK [0.656, 0.656, 0.656, 3.527, 0.656]
2024-09-12 18:17:49,779 - INFO - >>>> TOTAL STOCK RATIO (OVER CUT): {'F303': -0.333, 'F11': -0.1146, 'F309': -0.4737, 'F162': 0.0683, 'F10': 0.438, 'F160': 0.4456, 'F312': 0.4292, 'F9': 1.4749, 'F314': -0.0695, 'F8': -0.1956, 'F295': 0.3525, 'F297': 1.2898, 'F15': 0.2649, 'F14': -0.2334, 'F13': 0.6708, 'F12': 0.2961}
2024-09-12 18:17:49,786 - INFO - ->>>> The solution POSCO+JSH270C-PO+3.2-CICVPIC1- bound 0.5 EXCEL saved
2024-09-12 18:17:49,786 - WARNING - ->>> Remained finish to cut in next WH {'F303': -9997.0, 'F11': -638.0, 'F309': -2613.85, 'F162': 0, 'F10': 0, 'F160': 0, 'F312': 0, 'F9': 0, 'F314': -140.0, 'F8': -1207.11, 'F295': 0, 'F297': 0, 'F15': 0, 'F14': -372.706, 'F13': 0, 'F12': 0}
2024-09-12 18:17:49,786 - WARNING - Error with Customer CICVPIC1: <class 'IndexError'> list index out of range
2024-09-12 18:17:49,786 - INFO - Occured on line 223
2024-09-12 18:17:49,786 - INFO - -> START processing JOB 11 PARAMS: [CSVC JSH270C-PO 1.6]
2024-09-12 18:17:49,786 - INFO - ->> for CUSTOMER CICVPIC1
2024-09-12 18:17:49,786 - INFO - ->>> WareHouse priority ['HSC', None, None]
2024-09-12 18:17:49,786 - INFO - ->>> Number of stocks left: 5
2024-09-12 18:17:49,786 - INFO - ->>> cut in WH HSC
2024-09-12 18:17:49,786 - INFO - ->>> SUB-TASK: 20 FINISH  w 5 MC
2024-09-12 18:17:49,786 - INFO - *** NORMAL case ***
2024-09-12 18:30:17,911 - WARNING - Status Solved
2024-09-12 18:30:17,912 - INFO - >>>> Take stock ['TP236H005509', 'TP236H005510']
2024-09-12 18:30:17,912 - INFO - >>>> Overcut amount {'F351': -3623.0, 'F349': 1539.84, 'F348': -471.0, 'F58': -778.0, 'F57': -1290.205, 'F347': 296.46, 'F55': -93.285, 'F53': 236.579, 'F46': -307.0, 'F78': -65.0, 'F357': 286.49, 'F75': 513.69, 'F74': 2115.534, 'F72': -59.0, 'F71': 1335.24, 'F70': 207.55, 'F67': 273.65, 'F66': 538.5, 'F354': 761.6}
2024-09-12 18:30:17,912 - INFO - >>>> Stocks to continue to cut dict_keys(['TR242H00000035', 'X5', 'X6'])
2024-09-12 18:30:22,482 - WARNING - Status Solved
2024-09-12 18:30:22,482 - INFO - >>>> Take stock ['TP236H005509', 'TP236H005510', 'TR242H00000035', 'X6']
2024-09-12 18:30:22,482 - INFO - >>>> Overcut amount {'F351': 2026.23, 'F349': 1539.84, 'F348': -471.0, 'F58': 892.66, 'F57': -259.775, 'F347': 296.46, 'F55': 1613.035, 'F53': 1049.049, 'F46': -307.0, 'F78': 897.66, 'F357': 286.49, 'F75': 513.69, 'F74': 2115.534, 'F72': 221.34, 'F71': 1335.24, 'F70': 653.82, 'F67': 273.65, 'F66': 538.5, 'F354': 761.6}
2024-09-12 18:30:22,482 - INFO - >>>> Stocks to continue to cut dict_keys(['X5'])
2024-09-12 18:30:22,546 - WARNING - Status Solved
2024-09-12 18:30:22,546 - INFO - >>>> Take stock ['TP236H005509', 'TP236H005510', 'TR242H00000035', 'X6', 'X5']
2024-09-12 18:30:22,546 - INFO - >>>> Overcut amount {'F351': 5862.16, 'F349': 1539.84, 'F348': 1217.27, 'F58': 892.66, 'F57': 521.195, 'F347': 296.46, 'F55': 1613.035, 'F53': 1049.049, 'F46': 267.24, 'F78': 897.66, 'F357': 286.49, 'F75': 513.69, 'F74': 2115.534, 'F72': 221.34, 'F71': 1335.24, 'F70': 653.82, 'F67': 273.65, 'F66': 538.5, 'F354': 761.6}
2024-09-12 18:30:22,546 - INFO - >>>> STOCKS USED 5
2024-09-12 18:30:22,546 - INFO - >>>> TRIM LOSS PERCENT OF EACH STOCK [0.427, 0.41, 0.41, 0.509, 1.723]
2024-09-12 18:30:22,546 - INFO - >>>> TOTAL STOCK RATIO (OVER CUT): {'F351': 1.5861, 'F349': 1.71, 'F348': 0.4869, 'F58': 0.1416, 'F57': 0.601, 'F347': 0.6305, 'F55': 0.6261, 'F53': 1.6566, 'F46': 0.8487, 'F78': 1.0167, 'F357': 0.5454, 'F75': 1.5673, 'F74': 1.9366, 'F72': 0.6037, 'F71': 1.3993, 'F70': 3.0252, 'F67': 0.7376, 'F66': 5.1406, 'F354': 1.3732}
2024-09-12 18:30:22,555 - INFO - ->>>> The solution CSVC+JSH270C-PO+1.6-CICVPIC1- bound 0.5 EXCEL saved
2024-09-12 18:30:22,555 - WARNING - ->>> Remained finish to cut in next WH {'F351': 0, 'F349': 0, 'F348': 0, 'F58': 0, 'F57': 0, 'F347': 0, 'F55': 0, 'F53': 0, 'F46': 0, 'F78': 0, 'F77': -100.0, 'F357': 0, 'F75': 0, 'F74': 0, 'F72': 0, 'F71': 0, 'F70': 0, 'F67': 0, 'F66': 0, 'F354': 0}
2024-09-12 18:30:22,555 - INFO -  STOCK-AFTER-CUT CICVPIC1: {'F351': 5862.16, 'F349': 1539.84, 'F348': 1217.27, 'F58': 892.66, 'F57': 521.195, 'F347': 296.46, 'F55': 1613.035, 'F53': 1049.049, 'F46': 267.24, 'F78': 897.66, 'F357': 286.49, 'F75': 513.69, 'F74': 2115.534, 'F72': 221.34, 'F71': 1335.24, 'F70': 653.82, 'F67': 273.65, 'F66': 538.5, 'F354': 761.6}
2024-09-12 18:30:22,555 - INFO - --- DONE TASK CICVPIC1---
2024-09-12 18:30:22,555 - INFO - -> START processing JOB 12 PARAMS: [POSCOVST SUS409L-2D 1.2]
2024-09-12 18:30:22,555 - INFO - ->> for CUSTOMER TEC
2024-09-12 18:30:22,555 - INFO - ->>> WareHouse priority ['NQS', 'NST', 'HSC']
2024-09-12 18:30:22,555 - INFO - ->>> Number of stocks left: 4
2024-09-12 18:30:22,555 - INFO - ->>> cut in WH NQS
2024-09-12 18:30:22,555 - INFO - ->>> SUB-TASK: 6 FINISH  w 4 MC
2024-09-12 18:30:22,555 - INFO - *** NORMAL case ***
2024-09-12 18:30:24,169 - WARNING - Status Solved
2024-09-12 18:30:24,169 - INFO - >>>> Take stock ['HTV0341/24', 'HTV0348/24']
2024-09-12 18:30:24,169 - INFO - >>>> Overcut amount {'F637': 74.952, 'F636': -4407.997, 'F628': -203.659, 'F626': 2667.333, 'F624': -1280.499, 'F646': 399.58}
2024-09-12 18:30:24,169 - INFO - >>>> Stocks to continue to cut dict_keys(['HTV0349/24', 'HTV0340/24'])
2024-09-12 18:30:24,714 - WARNING - Status Solved
2024-09-12 18:30:24,714 - INFO - >>>> Take stock ['HTV0341/24', 'HTV0348/24', 'HTV0349/24']
2024-09-12 18:30:24,714 - INFO - >>>> Overcut amount {'F637': 5417.772, 'F636': -4407.997, 'F628': 671.681, 'F626': 4239.053, 'F624': -1280.499, 'F646': 399.58}
2024-09-12 18:30:24,714 - INFO - >>>> Stocks to continue to cut dict_keys(['HTV0340/24'])
2024-09-12 18:30:24,844 - WARNING - Status Solved
2024-09-12 18:30:24,844 - INFO - >>>> Take stock ['HTV0341/24', 'HTV0348/24', 'HTV0349/24', 'HTV0340/24']
2024-09-12 18:30:24,844 - INFO - >>>> Overcut amount {'F637': 6831.042, 'F636': 970.663, 'F628': 671.681, 'F626': 4239.053, 'F624': 228.821, 'F646': 399.58}
2024-09-12 18:30:24,844 - INFO - >>>> STOCKS USED 4
2024-09-12 18:30:24,844 - INFO - >>>> TRIM LOSS PERCENT OF EACH STOCK [0.574, 1.214, 1.444, 0.738]
2024-09-12 18:30:24,844 - INFO - >>>> TOTAL STOCK RATIO (OVER CUT): {'F637': 1.1868, 'F636': 0.1529, 'F628': 0.3666, 'F626': 0.5007, 'F624': 0.1385, 'F646': 0.9064}
2024-09-12 18:30:24,850 - INFO - ->>>> The solution POSCOVST+SUS409L-2D+1.2-TEC- bound 0.5 EXCEL saved
2024-09-12 18:30:24,850 - WARNING - ->>> Remained finish to cut in next WH {'F637': 0, 'F636': 0, 'F628': 0, 'F626': 0, 'F624': 0, 'F646': 0}
2024-09-12 18:30:24,850 - INFO -  STOCK-AFTER-CUT TEC: {'F637': 6831.042, 'F636': 970.663, 'F628': 671.681, 'F626': 4239.053, 'F624': 228.821, 'F646': 399.58}
2024-09-12 18:30:24,850 - INFO - --- DONE TASK TEC---
2024-09-12 18:30:24,850 - INFO - -> START processing JOB 13 PARAMS: [POSCO JSH270C-PO 2.9]
2024-09-12 18:30:24,850 - INFO - ->> for CUSTOMER CICVPIC1
2024-09-12 18:30:24,850 - INFO - ->>> WareHouse priority ['NQS', 'HSC', None]
2024-09-12 18:30:24,850 - INFO - ->>> Number of stocks left: 5
2024-09-12 18:30:24,850 - INFO - ->>> cut in WH NQS
2024-09-12 18:30:24,850 - INFO - ->>> SUB-TASK: 5 FINISH  w 4 MC
2024-09-12 18:30:24,850 - INFO - *** NORMAL case ***
2024-09-12 18:30:25,228 - WARNING - Status Solved
2024-09-12 18:30:25,228 - INFO - >>>> Take stock ['HTV0800/24-D2', 'HTV0802/24-D1', 'HTV1773/23']
2024-09-12 18:30:25,228 - INFO - >>>> Overcut amount {'F387': 1791.36, 'F385': -2541.27, 'F156': -3603.131, 'F159': 406.731, 'F386': -400.0}
2024-09-12 18:30:25,228 - INFO - >>>> Stocks to continue to cut dict_keys(['HTV1772/23'])
2024-09-12 18:30:25,293 - WARNING - Status Solved
2024-09-12 18:30:25,293 - INFO - >>>> Take stock ['HTV0800/24-D2', 'HTV0802/24-D1', 'HTV1773/23', 'HTV1772/23']
2024-09-12 18:30:25,293 - INFO - >>>> Overcut amount {'F387': 1791.36, 'F385': -2541.27, 'F156': 5236.429, 'F159': 406.731, 'F386': -400.0}
2024-09-12 18:30:25,293 - INFO - >>>> STOCKS USED 4
2024-09-12 18:30:25,293 - INFO - >>>> TRIM LOSS PERCENT OF EACH STOCK [0.574, 3.478, 0.679, 0.679]
2024-09-12 18:30:25,293 - WARNING - >>>> ZERO Forecast Data
2024-09-12 18:30:25,298 - INFO - ->>>> The solution POSCO+JSH270C-PO+2.9-CICVPIC1- bound 0.5 EXCEL saved
2024-09-12 18:30:25,298 - WARNING - ->>> Remained finish to cut in next WH {'F387': 0, 'F386': -400.0, 'F385': -2541.27, 'F156': 0, 'F159': 0}
2024-09-12 18:30:25,298 - WARNING - Error with Customer CICVPIC1: <class 'IndexError'> list index out of range
2024-09-12 18:30:25,299 - INFO - Occured on line 223
2024-09-12 18:30:25,299 - INFO - **** ALL JOB ENDED **** 
