2024-07-17 13:23:22,462 - INFO - Started POSCO+SAPH440-PO+4
2024-07-17 13:23:22,463 - INFO - add contraint upperbound
2024-07-17 13:23:22,463 - INFO - Process PARAMS
2024-07-17 13:23:22,470 - INFO - MIN_MARGIN:6
2024-07-17 13:23:34,327 - INFO - Take stock ['TP232H001072', 'TP232H001073', 'TP232H001074', 'TP232H001075', 'TP235H002656-2', 'TP236H005198']
2024-07-17 13:23:34,327 - INFO - overcut amount {'F21': -13317.01, 'F20': -10388.546, 'F23': -839.0, 'F19': -3508.671, 'F22': 15328.459, 'F18': -400.0, 'F17': 2397.9, 'F24': 469.204}
2024-07-17 13:23:41,576 - INFO - Take stock ['TP232H001072', 'TP232H001073', 'TP232H001074', 'TP232H001075', 'TP235H002656-2', 'TP236H005198', 'TP235H002652', 'TP235H002656-1']
2024-07-17 13:23:41,576 - INFO - overcut amount {'F21': -10644.29, 'F20': -7976.736, 'F23': -839.0, 'F19': 763.679, 'F22': 15328.459, 'F18': 72.7, 'F17': 4051.72, 'F24': 1634.964}
2024-07-17 13:23:43,373 - INFO - Take stock ['TP232H001072', 'TP232H001073', 'TP232H001074', 'TP232H001075', 'TP235H002656-2', 'TP236H005198', 'TP235H002652', 'TP235H002656-1', 'TP235H002654']
2024-07-17 13:23:43,373 - INFO - overcut amount {'F21': -2778.83, 'F20': -7976.736, 'F23': -839.0, 'F19': 763.679, 'F22': 15328.459, 'F18': 72.7, 'F17': 4051.72, 'F24': 2206.744}
2024-07-17 13:23:44,046 - INFO - Take stock ['TP232H001072', 'TP232H001073', 'TP232H001074', 'TP232H001075', 'TP235H002656-2', 'TP236H005198', 'TP235H002652', 'TP235H002656-1', 'TP235H002654', 'TP235H002655']
2024-07-17 13:23:44,046 - INFO - overcut amount {'F21': -50.59, 'F20': -5437.156, 'F23': -839.0, 'F19': 4137.699, 'F22': 15328.459, 'F18': 72.7, 'F17': 4051.72, 'F24': 2206.744}
2024-07-17 13:23:44,625 - INFO - Take stock ['TP232H001072', 'TP232H001073', 'TP232H001074', 'TP232H001075', 'TP235H002656-2', 'TP236H005198', 'TP235H002652', 'TP235H002656-1', 'TP235H002654', 'TP235H002655', 'TP235H002653']
2024-07-17 13:23:44,625 - INFO - overcut amount {'F21': -50.59, 'F20': 918.974, 'F23': 1383.83, 'F19': 4137.699, 'F22': 15328.459, 'F18': 72.7, 'F17': 4051.72, 'F24': 2206.744}
2024-07-17 13:23:44,625 - INFO - Total stock used 11
2024-07-17 13:23:44,626 - INFO - TRIM LOSS PERCENT OF EACH STOCK [0.649, 0.487, 0.487, 0.649, 0.492, 0.704, 0.738, 0.492, 0.738, 2.297, 3.117]
2024-07-17 13:23:44,626 - INFO - >> TOTAL STOCK OVER CUT: {'F21': -0.0017, 'F20': 0.0343, 'F23': 0.5851, 'F19': 0.8562, 'F22': 1.606, 'F18': 0.0551, 'F17': 1.5671, 'F24': 1.0896}
2024-07-17 13:23:44,626 - INFO - Finished
2024-07-17 13:25:42,571 - INFO - Started POSCO+SAPH440-PO+4
2024-07-17 13:25:42,571 - INFO - add contraint upperbound
2024-07-17 13:25:42,571 - INFO - Process PARAMS
2024-07-17 13:25:42,572 - INFO - MIN_MARGIN:6
2024-07-17 13:25:53,268 - INFO - Take stock ['TP232H001072', 'TP232H001073', 'TP232H001074', 'TP232H001075', 'TP236H005198']
2024-07-17 13:25:53,268 - INFO - overcut amount {'F21': -15989.73, 'F20': -10388.546, 'F23': -839.0, 'F19': -3508.671, 'F24': 469.204, 'F17': 2397.9, 'F22': 756.479, 'F18': -400.0}
2024-07-17 13:26:01,325 - INFO - Take stock ['TP232H001072', 'TP232H001073', 'TP232H001074', 'TP232H001075', 'TP236H005198', 'TP235H002656-2']
2024-07-17 13:26:01,326 - INFO - overcut amount {'F21': -15321.55, 'F20': -10388.546, 'F23': -839.0, 'F19': -3508.671, 'F24': 469.204, 'F17': 2397.9, 'F22': 4399.479, 'F18': -400.0}
2024-07-17 13:26:07,770 - INFO - Take stock ['TP232H001072', 'TP232H001073', 'TP232H001074', 'TP232H001075', 'TP236H005198', 'TP235H002656-2', 'TP235H002656-1']
2024-07-17 13:26:07,771 - INFO - overcut amount {'F21': -14653.37, 'F20': -10388.546, 'F23': -839.0, 'F19': -3508.671, 'F24': 469.204, 'F17': 2397.9, 'F22': 8042.479, 'F18': -400.0}
2024-07-17 13:26:11,219 - INFO - Take stock ['TP232H001072', 'TP232H001073', 'TP232H001074', 'TP232H001075', 'TP236H005198', 'TP235H002656-2', 'TP235H002656-1', 'TP235H002652']
2024-07-17 13:26:11,219 - INFO - overcut amount {'F21': -12062.39, 'F20': -6770.826, 'F23': -839.0, 'F19': -1372.491, 'F24': 469.204, 'F17': 2397.9, 'F22': 8042.479, 'F18': -400.0}
2024-07-17 13:26:13,108 - INFO - Take stock ['TP232H001072', 'TP232H001073', 'TP232H001074', 'TP232H001075', 'TP236H005198', 'TP235H002656-2', 'TP235H002656-1', 'TP235H002652', 'TP235H002654']
2024-07-17 13:26:13,108 - INFO - overcut amount {'F21': -6818.75, 'F20': -6770.826, 'F23': 1294.72, 'F19': -291.691, 'F24': 469.204, 'F17': 2397.9, 'F22': 8042.479, 'F18': -400.0}
2024-07-17 13:26:14,174 - INFO - Take stock ['TP232H001072', 'TP232H001073', 'TP232H001074', 'TP232H001075', 'TP236H005198', 'TP235H002656-2', 'TP235H002656-1', 'TP235H002652', 'TP235H002654', 'TP235H002655']
2024-07-17 13:26:14,174 - INFO - overcut amount {'F21': 1365.96, 'F20': -6770.826, 'F23': 1294.72, 'F19': -291.691, 'F24': 1064.194, 'F17': 2397.9, 'F22': 8042.479, 'F18': -400.0}
2024-07-17 13:26:14,547 - INFO - Take stock ['TP232H001072', 'TP232H001073', 'TP232H001074', 'TP232H001075', 'TP236H005198', 'TP235H002656-2', 'TP235H002656-1', 'TP235H002652', 'TP235H002654', 'TP235H002655', 'TP235H002653']
2024-07-17 13:26:14,548 - INFO - overcut amount {'F21': 1365.96, 'F20': 856.534, 'F23': 1294.72, 'F19': 834.249, 'F24': 1064.194, 'F17': 2397.9, 'F22': 8042.479, 'F18': -400.0}
2024-07-17 13:26:14,548 - INFO - Total stock used 11
2024-07-17 13:26:14,548 - INFO - TRIM LOSS PERCENT OF EACH STOCK [0.649, 0.487, 0.487, 0.649, 0.704, 0.492, 0.492, 0.656, 0.492, 0.738, 1.148]
2024-07-17 13:26:14,548 - INFO - >> TOTAL STOCK OVER CUT: {'F21': 0.0446, 'F20': 0.0319, 'F23': 0.5474, 'F19': 0.1726, 'F24': 0.5254, 'F17': 0.9274, 'F22': 0.8426, 'F18': -0.3032}
2024-07-17 13:26:14,548 - INFO - Finished
2024-07-17 13:27:23,484 - INFO - Started POSCO+SAPH440-PO+4
2024-07-17 13:27:23,485 - INFO - add contraint upperbound
2024-07-17 13:27:23,485 - INFO - Process PARAMS
2024-07-17 13:27:23,486 - INFO - MIN_MARGIN:6
2024-07-17 13:27:35,849 - INFO - Take stock ['TP232H001072', 'TP232H001073', 'TP232H001074', 'TP232H001075', 'TP235H002656-2', 'TP236H005198']
2024-07-17 13:27:35,849 - INFO - overcut amount {'F21': -13317.01, 'F20': -10388.546, 'F19': -3508.671, 'F24': 469.204, 'F17': 2397.9, 'F22': 15328.459, 'F18': -400.0, 'F23': -839.0}
2024-07-17 13:27:43,610 - INFO - Take stock ['TP232H001072', 'TP232H001073', 'TP232H001074', 'TP232H001075', 'TP235H002656-2', 'TP236H005198', 'TP235H002652', 'TP235H002656-1']
2024-07-17 13:27:43,610 - INFO - overcut amount {'F21': -10644.29, 'F20': -7976.736, 'F19': 763.679, 'F24': 1634.964, 'F17': 4051.72, 'F22': 15328.459, 'F18': 72.7, 'F23': -839.0}
2024-07-17 13:27:45,329 - INFO - Take stock ['TP232H001072', 'TP232H001073', 'TP232H001074', 'TP232H001075', 'TP235H002656-2', 'TP236H005198', 'TP235H002652', 'TP235H002656-1', 'TP235H002654']
2024-07-17 13:27:45,329 - INFO - overcut amount {'F21': -2778.83, 'F20': -7976.736, 'F19': 763.679, 'F24': 2206.744, 'F17': 4051.72, 'F22': 15328.459, 'F18': 72.7, 'F23': -839.0}
2024-07-17 13:27:46,005 - INFO - Take stock ['TP232H001072', 'TP232H001073', 'TP232H001074', 'TP232H001075', 'TP235H002656-2', 'TP236H005198', 'TP235H002652', 'TP235H002656-1', 'TP235H002654', 'TP235H002655']
2024-07-17 13:27:46,006 - INFO - overcut amount {'F21': -50.59, 'F20': -5437.156, 'F19': 4137.699, 'F24': 2206.744, 'F17': 4051.72, 'F22': 15328.459, 'F18': 72.7, 'F23': -839.0}
2024-07-17 13:27:46,434 - INFO - Take stock ['TP232H001072', 'TP232H001073', 'TP232H001074', 'TP232H001075', 'TP235H002656-2', 'TP236H005198', 'TP235H002652', 'TP235H002656-1', 'TP235H002654', 'TP235H002655', 'TP235H002653']
2024-07-17 13:27:46,434 - INFO - overcut amount {'F21': -50.59, 'F20': 2190.204, 'F19': 5263.639, 'F24': 2206.744, 'F17': 4051.72, 'F22': 15328.459, 'F18': 72.7, 'F23': -839.0}
2024-07-17 13:27:46,434 - INFO - Total stock used 11
2024-07-17 13:27:46,435 - INFO - TRIM LOSS PERCENT OF EACH STOCK [0.649, 0.487, 0.487, 0.649, 0.492, 0.704, 0.738, 0.492, 0.738, 2.297, 1.148]
2024-07-17 13:27:46,435 - INFO - >> TOTAL STOCK OVER CUT: {'F21': -0.0017, 'F20': 0.0817, 'F19': 1.0892, 'F24': 1.0896, 'F17': 1.5671, 'F22': 1.606, 'F18': 0.0551, 'F23': -0.3547}
2024-07-17 13:27:46,435 - INFO - Finished
2024-07-17 13:31:02,209 - INFO - Started POSCO+SAPH440-PO+4
2024-07-17 13:31:02,209 - INFO - add contraint upperbound
2024-07-17 13:31:02,209 - INFO - Process PARAMS
2024-07-17 13:31:02,210 - INFO - MIN_MARGIN:6
2024-07-17 13:31:13,311 - INFO - Take stock ['TP232H001072', 'TP232H001073', 'TP232H001074', 'TP232H001075', 'TP235H002656-2', 'TP236H005198']
2024-07-17 13:31:13,311 - INFO - overcut amount {'F23': -839.0, 'F22': 15328.459, 'F21': -13317.01, 'F20': -10388.546, 'F19': -3508.671, 'F17': 2397.9, 'F18': -400.0, 'F24': 469.204}
2024-07-17 13:31:20,686 - INFO - Take stock ['TP232H001072', 'TP232H001073', 'TP232H001074', 'TP232H001075', 'TP235H002656-2', 'TP236H005198', 'TP235H002652', 'TP235H002656-1']
2024-07-17 13:31:20,686 - INFO - overcut amount {'F23': -839.0, 'F22': 15328.459, 'F21': -10644.29, 'F20': -7976.736, 'F19': 763.679, 'F17': 4051.72, 'F18': 72.7, 'F24': 1634.964}
2024-07-17 13:31:22,395 - INFO - Take stock ['TP232H001072', 'TP232H001073', 'TP232H001074', 'TP232H001075', 'TP235H002656-2', 'TP236H005198', 'TP235H002652', 'TP235H002656-1', 'TP235H002654']
2024-07-17 13:31:22,395 - INFO - overcut amount {'F23': -839.0, 'F22': 15328.459, 'F21': -2778.83, 'F20': -7976.736, 'F19': 763.679, 'F17': 4051.72, 'F18': 72.7, 'F24': 2206.744}
2024-07-17 13:31:23,055 - INFO - Take stock ['TP232H001072', 'TP232H001073', 'TP232H001074', 'TP232H001075', 'TP235H002656-2', 'TP236H005198', 'TP235H002652', 'TP235H002656-1', 'TP235H002654', 'TP235H002655']
2024-07-17 13:31:23,055 - INFO - overcut amount {'F23': -839.0, 'F22': 15328.459, 'F21': -50.59, 'F20': -5437.156, 'F19': 4137.699, 'F17': 4051.72, 'F18': 72.7, 'F24': 2206.744}
2024-07-17 13:31:23,473 - INFO - Take stock ['TP232H001072', 'TP232H001073', 'TP232H001074', 'TP232H001075', 'TP235H002656-2', 'TP236H005198', 'TP235H002652', 'TP235H002656-1', 'TP235H002654', 'TP235H002655', 'TP235H002653']
2024-07-17 13:31:23,473 - INFO - overcut amount {'F23': -839.0, 'F22': 15328.459, 'F21': -50.59, 'F20': 2190.204, 'F19': 5263.639, 'F17': 4051.72, 'F18': 72.7, 'F24': 2206.744}
2024-07-17 13:31:23,474 - INFO - Total stock used 11
2024-07-17 13:31:23,474 - INFO - TRIM LOSS PERCENT OF EACH STOCK [0.649, 0.487, 0.487, 0.649, 0.492, 0.704, 0.738, 0.492, 0.738, 2.297, 1.148]
2024-07-17 13:31:23,474 - INFO - >> TOTAL STOCK OVER CUT: {'F23': -0.3547, 'F22': 1.606, 'F21': -0.0017, 'F20': 0.0817, 'F19': 1.0892, 'F17': 1.5671, 'F18': 0.0551, 'F24': 1.0896}
2024-07-17 13:31:23,474 - INFO - Finished
2024-07-17 13:33:32,738 - INFO - Started POSCO+SAPH440-PO+4
2024-07-17 13:33:32,738 - INFO - add contraint upperbound
2024-07-17 13:33:32,738 - INFO - Process PARAMS
2024-07-17 13:33:32,740 - INFO - MIN_MARGIN:6
2024-07-17 13:33:44,040 - INFO - Take stock ['TP232H001072', 'TP232H001073', 'TP232H001074', 'TP232H001075', 'TP235H002656-2', 'TP236H005198']
2024-07-17 13:33:44,040 - INFO - overcut amount {'F22': 15328.459, 'F21': -13317.01, 'F20': -10388.546, 'F23': -839.0, 'F19': -3508.671, 'F17': 2397.9, 'F18': -400.0, 'F24': 469.204}
2024-07-17 13:33:51,362 - INFO - Take stock ['TP232H001072', 'TP232H001073', 'TP232H001074', 'TP232H001075', 'TP235H002656-2', 'TP236H005198', 'TP235H002652', 'TP235H002656-1']
2024-07-17 13:33:51,362 - INFO - overcut amount {'F22': 15328.459, 'F21': -10644.29, 'F20': -7976.736, 'F23': -839.0, 'F19': 763.679, 'F17': 4051.72, 'F18': 72.7, 'F24': 1634.964}
2024-07-17 13:33:53,154 - INFO - Take stock ['TP232H001072', 'TP232H001073', 'TP232H001074', 'TP232H001075', 'TP235H002656-2', 'TP236H005198', 'TP235H002652', 'TP235H002656-1', 'TP235H002654']
2024-07-17 13:33:53,154 - INFO - overcut amount {'F22': 15328.459, 'F21': -2778.83, 'F20': -7976.736, 'F23': -839.0, 'F19': 763.679, 'F17': 4051.72, 'F18': 72.7, 'F24': 2206.744}
2024-07-17 13:33:53,830 - INFO - Take stock ['TP232H001072', 'TP232H001073', 'TP232H001074', 'TP232H001075', 'TP235H002656-2', 'TP236H005198', 'TP235H002652', 'TP235H002656-1', 'TP235H002654', 'TP235H002655']
2024-07-17 13:33:53,831 - INFO - overcut amount {'F22': 15328.459, 'F21': -50.59, 'F20': -5437.156, 'F23': -839.0, 'F19': 4137.699, 'F17': 4051.72, 'F18': 72.7, 'F24': 2206.744}
2024-07-17 13:33:54,401 - INFO - Take stock ['TP232H001072', 'TP232H001073', 'TP232H001074', 'TP232H001075', 'TP235H002656-2', 'TP236H005198', 'TP235H002652', 'TP235H002656-1', 'TP235H002654', 'TP235H002655', 'TP235H002653']
2024-07-17 13:33:54,401 - INFO - overcut amount {'F22': 15328.459, 'F21': -50.59, 'F20': 918.974, 'F23': 1383.83, 'F19': 4137.699, 'F17': 4051.72, 'F18': 72.7, 'F24': 2206.744}
2024-07-17 13:33:54,401 - INFO - Total stock used 11
2024-07-17 13:33:54,401 - INFO - TRIM LOSS PERCENT OF EACH STOCK [0.649, 0.487, 0.487, 0.649, 0.492, 0.704, 0.738, 0.492, 0.738, 2.297, 3.117]
2024-07-17 13:33:54,401 - INFO - >> TOTAL STOCK OVER CUT: {'F22': 1.606, 'F21': -0.0017, 'F20': 0.0343, 'F23': 0.5851, 'F19': 0.8562, 'F17': 1.5671, 'F18': 0.0551, 'F24': 1.0896}
2024-07-17 13:33:54,401 - INFO - Finished
2024-07-17 15:45:58,130 - INFO - Started POSCO+JSH270C-PO+2.9
2024-07-17 15:45:58,130 - INFO - add contraint upperbound
2024-07-17 15:45:58,130 - INFO - Process PARAMS
2024-07-17 15:45:58,146 - INFO - MIN_MARGIN:8
2024-07-17 15:45:59,042 - INFO - Take stock ['HTV0800/24-D2', 'HTV1772/23', 'HTV1773/23']
2024-07-17 15:45:59,042 - INFO - overcut amount {'F387': 922.51, 'F385': 1389.96, 'F156': -3131.291, 'F386': -400.0}
2024-07-17 15:45:59,241 - INFO - Take stock ['HTV0800/24-D2', 'HTV1772/23', 'HTV1773/23', 'HTV0802/24-D1']
2024-07-17 15:45:59,241 - INFO - overcut amount {'F387': 922.51, 'F385': 3769.46, 'F156': 236.469, 'F386': -400.0}
2024-07-17 15:45:59,241 - INFO - Total stock used 4
2024-07-17 15:45:59,243 - INFO - TRIM LOSS PERCENT OF EACH STOCK [2.871, 0.679, 0.679, 1.723]
2024-07-17 15:45:59,243 - INFO - >> TOTAL STOCK RATIO (OVER CUT): {'F387': 0.1313, 'F385': 0.4082, 'F156': 0.0063, 'F386': -0.9091}
2024-07-17 15:45:59,243 - INFO - Finished
2024-07-17 15:50:07,278 - INFO - Started POSCO+JSH270C-PO+2.9
2024-07-17 15:50:07,278 - INFO - add contraint upperbound
2024-07-17 15:50:07,278 - INFO - Process PARAMS
2024-07-17 15:50:07,278 - INFO - MIN_MARGIN:8
2024-07-17 15:50:07,902 - INFO - Take stock ['HTV1772/23', 'HTV1773/23']
2024-07-17 15:50:07,902 - INFO - overcut amount {'F387': -2296.0, 'F385': -5076.0, 'F156': 2519.419, 'F386': -400.0}
2024-07-17 15:50:08,128 - INFO - Take stock ['HTV1772/23', 'HTV1773/23']
2024-07-17 15:50:08,128 - INFO - overcut amount {'F387': -2296.0, 'F385': -5076.0, 'F156': 2519.419, 'F386': -400.0}
2024-07-17 15:50:08,128 - INFO - Total stock used 2
2024-07-17 15:50:08,128 - INFO - TRIM LOSS PERCENT OF EACH STOCK [0.679, 0.679]
2024-07-17 15:50:08,128 - INFO - >> TOTAL STOCK RATIO (OVER CUT): {'F387': -0.3267, 'F385': -0.5497, 'F156': 0.0675, 'F386': -0.9091}
2024-07-17 15:50:08,128 - INFO - Finished
2024-07-17 15:51:11,809 - INFO - Started POSCO+JSH270C-PO+2.9
2024-07-17 15:51:11,809 - INFO - add contraint upperbound
2024-07-17 15:51:11,809 - INFO - Process PARAMS
2024-07-17 15:51:11,810 - INFO - MIN_MARGIN:8
2024-07-17 15:51:12,574 - INFO - Take stock ['HTV0800/24-D2', 'HTV1772/23', 'HTV1773/23']
2024-07-17 15:51:12,574 - INFO - overcut amount {'F387': 922.51, 'F385': 1389.96, 'F156': -3131.291, 'F386': -400.0}
2024-07-17 15:51:12,729 - INFO - Take stock ['HTV0800/24-D2', 'HTV1772/23', 'HTV1773/23', 'HTV0802/24-D1']
2024-07-17 15:51:12,730 - INFO - overcut amount {'F387': 922.51, 'F385': 3769.46, 'F156': 236.469, 'F386': -400.0}
2024-07-17 15:51:12,730 - INFO - Total stock used 4
2024-07-17 15:51:12,730 - INFO - TRIM LOSS PERCENT OF EACH STOCK [2.871, 0.679, 0.679, 1.723]
2024-07-17 15:51:12,730 - INFO - >> TOTAL STOCK RATIO (OVER CUT): {'F387': 0.1313, 'F385': 0.4082, 'F156': 0.0063, 'F386': -0.9091}
2024-07-17 15:51:12,730 - INFO - Finished
2024-07-17 15:54:36,397 - INFO - Started POSCO+JSH270C-PO+2.9
2024-07-17 15:54:36,398 - INFO - add contraint upperbound
2024-07-17 15:54:36,398 - INFO - Process PARAMS
2024-07-17 15:54:36,400 - INFO - MIN_MARGIN:8
2024-07-17 15:54:37,715 - INFO - Take stock ['HTV0800/24-D2', 'HTV1772/23', 'HTV1773/23']
2024-07-17 15:54:37,716 - INFO - overcut amount {'F387': 606.67, 'F385': -5076.0, 'F156': 3316.629, 'F159': 280.751, 'F386': -400.0}
2024-07-17 15:54:38,030 - INFO - Take stock ['HTV0800/24-D2', 'HTV1772/23', 'HTV1773/23', 'HTV0802/24-D1']
2024-07-17 15:54:38,030 - INFO - overcut amount {'F387': 606.67, 'F385': -2696.5, 'F156': 6684.389, 'F159': 280.751, 'F386': -400.0}
2024-07-17 15:54:38,191 - INFO - Take stock ['HTV0800/24-D2', 'HTV1772/23', 'HTV1773/23', 'HTV0802/24-D1', 'TR23AH00000052']
2024-07-17 15:54:38,192 - INFO - overcut amount {'F387': 606.67, 'F385': 314.49, 'F156': 10945.919, 'F159': 280.751, 'F386': -400.0}
2024-07-17 15:54:38,192 - INFO - Total stock used 5
2024-07-17 15:54:38,192 - INFO - TRIM LOSS PERCENT OF EACH STOCK [3.478, 0.679, 0.679, 1.723, 1.723]
2024-07-17 15:54:38,192 - INFO - >> TOTAL STOCK RATIO (OVER CUT): {'F387': 0.0863, 'F385': 0.0341, 'F156': 0.2934, 'F159': 0.2851, 'F386': -0.9091}
2024-07-17 15:54:38,192 - INFO - Finished
2024-07-17 15:56:57,823 - INFO - Started POSCO+JSH270C-PO+2.9
2024-07-17 15:56:57,824 - INFO - add contraint upperbound
2024-07-17 15:56:57,824 - INFO - Process PARAMS
2024-07-17 15:56:57,825 - INFO - MIN_MARGIN:8
2024-07-17 15:56:59,108 - INFO - Take stock ['HTV0800/24-D2', 'HTV1772/23', 'HTV1773/23']
2024-07-17 15:56:59,108 - INFO - overcut amount {'F156': 3316.629, 'F387': 606.67, 'F385': -5076.0, 'F159': 280.751, 'F386': -400.0}
2024-07-17 15:56:59,400 - INFO - Take stock ['HTV0800/24-D2', 'HTV1772/23', 'HTV1773/23', 'HTV0802/24-D1']
2024-07-17 15:56:59,400 - INFO - overcut amount {'F156': 6684.389, 'F387': 606.67, 'F385': -2696.5, 'F159': 280.751, 'F386': -400.0}
2024-07-17 15:56:59,574 - INFO - Take stock ['HTV0800/24-D2', 'HTV1772/23', 'HTV1773/23', 'HTV0802/24-D1', 'TR23AH00000052']
2024-07-17 15:56:59,574 - INFO - overcut amount {'F156': 10945.919, 'F387': 606.67, 'F385': 314.49, 'F159': 280.751, 'F386': -400.0}
2024-07-17 15:56:59,574 - INFO - Total stock used 5
2024-07-17 15:56:59,574 - INFO - TRIM LOSS PERCENT OF EACH STOCK [3.478, 0.679, 0.679, 1.723, 1.723]
2024-07-17 15:56:59,574 - INFO - >> TOTAL STOCK RATIO (OVER CUT): {'F156': 0.2934, 'F387': 0.0863, 'F385': 0.0341, 'F159': 0.2851, 'F386': -0.9091}
2024-07-17 15:56:59,574 - INFO - Finished
2024-07-17 16:03:02,710 - INFO - Started POSCO+JSH270C-PO+2.9
2024-07-17 16:03:02,710 - INFO - add contraint upperbound
2024-07-17 16:03:02,710 - INFO - Process PARAMS
2024-07-17 16:03:02,712 - INFO - MIN_MARGIN:6
2024-07-17 16:03:03,747 - INFO - Take stock ['HTV0800/24-D2', 'HTV1772/23', 'HTV1773/23']
2024-07-17 16:03:03,747 - INFO - overcut amount {'F156': 4113.839, 'F387': -2296.0, 'F385': -2541.27, 'F159': -27.909, 'F386': -400.0}
2024-07-17 16:03:04,224 - INFO - Take stock ['HTV0800/24-D2', 'HTV1772/23', 'HTV1773/23', 'HTV0802/24-D1']
2024-07-17 16:03:04,224 - INFO - overcut amount {'F156': 4113.839, 'F387': 1791.36, 'F385': -1351.52, 'F159': 406.731, 'F386': -400.0}
2024-07-17 16:03:04,443 - INFO - Take stock ['HTV0800/24-D2', 'HTV1772/23', 'HTV1773/23', 'HTV0802/24-D1', 'TR23AH00000052']
2024-07-17 16:03:04,443 - INFO - overcut amount {'F156': 4113.839, 'F387': 6963.47, 'F385': 153.98, 'F159': 956.721, 'F386': -400.0}
2024-07-17 16:03:04,443 - INFO - Total stock used 5
2024-07-17 16:03:04,443 - INFO - TRIM LOSS PERCENT OF EACH STOCK [0.574, 0.679, 0.679, 2.33, 2.33]
2024-07-17 16:03:04,443 - INFO - >> TOTAL STOCK RATIO (OVER CUT): {'F156': 0.1103, 'F387': 0.9909, 'F385': 0.0167, 'F159': 0.9714, 'F386': -0.9091}
2024-07-17 16:03:04,443 - INFO - Finished
2024-07-17 16:04:24,746 - INFO - Started POSCO+JSH270C-PO+2.9
2024-07-17 16:04:24,746 - INFO - add contraint upperbound
2024-07-17 16:04:24,746 - INFO - Process PARAMS
2024-07-17 16:06:34,438 - INFO - Started POSCO+JSH270C-PO+2.9
2024-07-17 16:06:34,438 - INFO - add contraint upperbound
2024-07-17 16:06:34,438 - INFO - Process PARAMS
2024-07-17 16:06:34,440 - INFO - MIN_MARGIN:6
2024-07-17 16:06:36,065 - INFO - Take stock ['HTV0800/24-D2', 'HTV1773/23']
2024-07-17 16:06:36,065 - INFO - overcut amount {'F156': -4725.721, 'F387': -2296.0, 'F385': -2541.27, 'F386': -900.0, 'F159': -27.909}
2024-07-17 16:06:37,275 - INFO - Take stock ['HTV0800/24-D2', 'HTV1773/23', 'HTV0802/24-D1']
2024-07-17 16:06:37,275 - INFO - overcut amount {'F156': -2480.551, 'F387': -2296.0, 'F385': 1027.98, 'F386': -900.0, 'F159': -27.909}
2024-07-17 16:06:37,621 - INFO - Take stock ['HTV0800/24-D2', 'HTV1773/23', 'HTV0802/24-D1', 'HTV1772/23', 'TR23AH00000052']
2024-07-17 16:06:37,621 - INFO - overcut amount {'F156': 7779.519, 'F387': 290.05, 'F385': 2533.48, 'F386': 884.74, 'F159': -27.909}
2024-07-17 16:06:37,621 - INFO - Total stock used 5
2024-07-17 16:06:37,621 - INFO - TRIM LOSS PERCENT OF EACH STOCK [0.574, 0.679, 0.574, 0.679, 1.395]
2024-07-17 16:06:37,621 - INFO - >> TOTAL STOCK RATIO (OVER CUT): {'F156': 0.2085, 'F387': 0.0413, 'F385': 0.2744, 'F386': 0.9412, 'F159': -0.0283}
2024-07-17 16:06:37,621 - INFO - Finished
2024-07-17 16:07:12,264 - INFO - Started POSCO+JSH270C-PO+2.9
2024-07-17 16:07:12,264 - INFO - add contraint upperbound
2024-07-17 16:07:12,264 - INFO - Process PARAMS
2024-07-17 16:07:12,266 - INFO - MIN_MARGIN:6
2024-07-17 16:07:13,699 - INFO - Take stock ['HTV0800/24-D2', 'HTV1773/23']
2024-07-17 16:07:13,699 - INFO - overcut amount {'F156': -4725.721, 'F387': -2296.0, 'F385': -2541.27, 'F386': -400.0, 'F159': -27.909}
2024-07-17 16:07:14,361 - INFO - Take stock ['HTV0800/24-D2', 'HTV1773/23', 'HTV0802/24-D1', 'TR23AH00000052']
2024-07-17 16:07:14,361 - INFO - overcut amount {'F156': -1060.041, 'F387': 2876.11, 'F385': 1027.98, 'F386': -400.0, 'F159': 522.081}
2024-07-17 16:07:14,496 - INFO - Take stock ['HTV0800/24-D2', 'HTV1773/23', 'HTV0802/24-D1', 'TR23AH00000052', 'HTV1772/23']
2024-07-17 16:07:14,496 - INFO - overcut amount {'F156': 7779.519, 'F387': 2876.11, 'F385': 1027.98, 'F386': -400.0, 'F159': 522.081}
2024-07-17 16:07:14,496 - INFO - Total stock used 5
2024-07-17 16:07:14,496 - INFO - TRIM LOSS PERCENT OF EACH STOCK [0.574, 0.679, 0.574, 3.478, 0.679]
2024-07-17 16:07:14,496 - INFO - >> TOTAL STOCK RATIO (OVER CUT): {'F156': 0.2085, 'F387': 0.4093, 'F385': 0.1113, 'F386': -0.4255, 'F159': 0.5301}
2024-07-17 16:07:14,496 - INFO - Finished
2024-07-17 16:17:40,086 - INFO - Started POSCOVN+SPCC-SD+1.0
2024-07-17 16:17:40,086 - INFO - add contraint upperbound
2024-07-17 16:17:40,086 - INFO - Process PARAMS
2024-07-17 16:17:40,086 - INFO - MIN_MARGIN:6
2024-07-17 16:17:40,327 - INFO - Take stock []
2024-07-17 16:17:40,327 - INFO - overcut amount {}
2024-07-17 16:22:12,071 - INFO - Started POSCOVN+SPCC-SD+1.0
2024-07-17 16:22:12,072 - INFO - add contraint upperbound
2024-07-17 16:22:12,072 - INFO - Process PARAMS
2024-07-17 16:22:12,073 - INFO - MIN_MARGIN:6
2024-07-17 16:22:13,060 - INFO - Take stock ['TP238H002948']
2024-07-17 16:22:13,061 - INFO - overcut amount {'F200': -312.987, 'F198': 253.31, 'F197': 551.27, 'F190': 267.51, 'F511': -30.43, 'F203': 572.02}
2024-07-17 16:42:19,014 - INFO - Started POSCOVN+SPCC-SD+1.0
2024-07-17 16:42:19,014 - INFO - add contraint upperbound
2024-07-17 16:42:19,014 - INFO - Process PARAMS
2024-07-17 16:42:19,023 - INFO - MIN_MARGIN:6
2024-07-17 16:42:20,120 - INFO - Take stock ['TP238H002948']
2024-07-17 16:42:20,121 - INFO - overcut amount {'F200': -312.987, 'F198': 253.31, 'F197': 551.27, 'F190': 267.51, 'F511': -30.43, 'F203': 572.02}
2024-07-17 16:43:55,422 - INFO - Started POSCOVN+SPCC-SD+1.0
2024-07-17 16:43:55,422 - INFO - add contraint upperbound
2024-07-17 16:43:55,422 - INFO - Process PARAMS
2024-07-17 16:43:55,422 - INFO - MIN_MARGIN:6
2024-07-17 16:43:57,129 - INFO - Take stock ['TP238H002948']
2024-07-17 16:43:57,129 - INFO - overcut amount {'F200': 282.903, 'F198': 253.31, 'F197': 976.91, 'F196': -100.0, 'F190': -300.0, 'F511': 239.14, 'F203': -109.0}
2024-07-17 16:43:57,129 - INFO - Total stock used 1
2024-07-17 16:43:57,129 - INFO - TRIM LOSS PERCENT OF EACH STOCK [0.574]
2024-07-17 16:43:57,129 - INFO - >> TOTAL STOCK RATIO (OVER CUT): {'F200': 0.1254, 'F198': 0.4048, 'F197': 1.3349, 'F196': -0.7388, 'F190': -0.6172, 'F511': 1.2324, 'F203': -0.0794}
2024-07-17 16:43:57,130 - INFO - Finished
2024-07-17 16:45:33,390 - INFO - Started POSCOVN+SPCC-SD+1.0
2024-07-17 16:45:33,390 - INFO - add contraint upperbound
2024-07-17 16:45:33,390 - INFO - Process PARAMS
2024-07-17 16:45:33,390 - INFO - MIN_MARGIN:6
2024-07-17 16:45:37,064 - INFO - Take stock ['TP238H002948-1']
2024-07-17 16:45:37,064 - INFO - overcut amount {'F200': 282.903, 'F198': 253.31, 'F197': -300.0, 'F196': 254.7, 'F190': -300.0, 'F511': -30.43, 'F203': 1082.78}
2024-07-17 16:45:38,480 - INFO - Take stock ['TP238H002948-1', 'TP238H002948-2']
2024-07-17 16:45:38,480 - INFO - overcut amount {'F200': 282.903, 'F198': 253.31, 'F197': 1176.62, 'F196': 254.7, 'F190': 438.31, 'F511': 437.17, 'F203': 1378.1}
2024-07-17 16:45:38,480 - INFO - Total stock used 2
2024-07-17 16:45:38,480 - INFO - TRIM LOSS PERCENT OF EACH STOCK [0.574, 0.738]
2024-07-17 16:45:38,480 - INFO - >> TOTAL STOCK RATIO (OVER CUT): {'F200': 0.1254, 'F198': 0.4048, 'F197': 1.6078, 'F196': 1.8818, 'F190': 0.9017, 'F511': 2.253, 'F203': 1.0035}
2024-07-17 16:45:38,480 - INFO - Finished
2024-07-17 16:53:25,351 - INFO - Started POSCOVN+SPCC-SD+1.0
2024-07-17 16:53:25,351 - INFO - add contraint upperbound
2024-07-17 16:53:25,351 - INFO - Process PARAMS
2024-07-17 16:53:25,358 - INFO - MIN_MARGIN:6
2024-07-17 16:53:29,089 - INFO - Take stock ['TP238H002948-1']
2024-07-17 16:53:29,090 - INFO - overcut amount {'F200': -392.057, 'F198': 196.08, 'F197': 807.46, 'F196': -100.0, 'F190': 684.41, 'F511': -300.0, 'F203': -109.0}
2024-07-17 16:53:30,813 - INFO - Take stock ['TP238H002948-1', 'TP238H002948-2']
2024-07-17 16:53:30,813 - INFO - overcut amount {'F200': 799.723, 'F198': 196.08, 'F197': 807.46, 'F196': -100.0, 'F190': 684.41, 'F511': 239.14, 'F203': 1593.54}
2024-07-17 16:53:30,813 - INFO - Total stock used 2
2024-07-17 16:53:30,813 - INFO - TRIM LOSS PERCENT OF EACH STOCK [0.574, 0.738]
2024-07-17 16:53:30,813 - INFO - >> TOTAL STOCK RATIO (OVER CUT): {'F200': 0.3544, 'F198': 0.3133, 'F197': 1.1033, 'F196': -0.7388, 'F190': 1.408, 'F511': 1.2324, 'F203': 1.1604}
2024-07-17 16:53:30,813 - INFO - Finished
2024-07-17 16:56:01,302 - INFO - Started POSCOVN+SPCC-SD+1.0
2024-07-17 16:56:01,302 - INFO - add contraint upperbound
2024-07-17 16:56:01,302 - INFO - Process PARAMS
2024-07-17 16:56:01,302 - INFO - MIN_MARGIN:6
2024-07-17 16:56:04,679 - INFO - Take stock ['TP238H002948-1']
2024-07-17 16:56:04,679 - INFO - overcut amount {'F200': -392.057, 'F198': 196.08, 'F197': 807.46, 'F196': -100.0, 'F190': 684.41, 'F511': -300.0, 'F203': -109.0}
2024-07-17 16:56:06,042 - INFO - Take stock ['TP238H002948-1', 'TP238H002948-2']
2024-07-17 16:56:06,042 - INFO - overcut amount {'F200': 799.723, 'F198': 196.08, 'F197': 807.46, 'F196': -100.0, 'F190': 684.41, 'F511': 239.14, 'F203': 1593.54}
2024-07-17 16:56:06,042 - INFO - Total stock used 2
2024-07-17 16:56:06,042 - INFO - [{'count': 1, 'stock': 'TP238H002948-1', 'cuts': {'F200': 1, 'F198': 1, 'F197': 3, 'F196': 0, 'F190': 4, 'F511': 0, 'F203': 0}, 
                                    'trim_loss': 7.0, 'trim_loss_pct': 0.574, 'cut_w': {'F200': 516.817, 'F198': 374.077, 'F197': 1107.465, 'F196': 0.0, 'F190': 984.413, 'F511': 0.0, 'F203': 0.0}}, 
                                    {'count': 1, 'stock': 'TP238H002948-2', 'cuts': {'F200': 2, 'F198': 0, 'F197': 0, 'F196': 0, 'F190': 0, 'F511': 2, 'F203': 10}, 
                                    'trim_loss': 9.0, 'trim_loss_pct': 0.738, 'cut_w': {'F200': 1191.78, 'F198': 0.0, 'F197': 0.0, 'F196': 0.0, 'F190': 0.0, 'F511': 539.139, 'F203': 1702.543}}]
2024-07-17 16:56:06,042 - INFO - TRIM LOSS PERCENT OF EACH STOCK [0.574, 0.738]
2024-07-17 16:56:06,042 - INFO - >> TOTAL STOCK RATIO (OVER CUT): {'F200': 0.3544, 'F198': 0.3133, 'F197': 1.1033, 'F196': -0.7388, 'F190': 1.408, 'F511': 1.2324, 'F203': 1.1604}
2024-07-17 16:56:06,042 - INFO - Finished
2024-07-17 16:58:02,234 - INFO - Started POSCOVN+SPCC-SD+1.0
2024-07-17 16:58:02,235 - INFO - add contraint upperbound
2024-07-17 16:58:02,235 - INFO - Process PARAMS
2024-07-17 16:58:02,236 - INFO - MIN_MARGIN:6
2024-07-17 16:58:05,578 - INFO - Take stock ['TP238H002948-2']
2024-07-17 16:58:05,578 - INFO - overcut amount {'F200': 282.903, 'F198': 253.31, 'F197': -300.0, 'F196': 254.7, 'F190': -300.0, 'F511': -30.43, 'F203': 1082.78}
2024-07-17 16:58:06,966 - INFO - Take stock ['TP238H002948-2', 'TP238H002948-1']
2024-07-17 16:58:06,966 - INFO - overcut amount {'F200': 282.903, 'F198': 253.31, 'F197': 1176.62, 'F196': 254.7, 'F190': 438.31, 'F511': 437.17, 'F203': 1378.1}
2024-07-17 16:58:06,966 - INFO - Total stock used 2
2024-07-17 16:58:06,966 - INFO - [{'count': 1, 'stock': 'TP238H002948-2', 'cuts': {'F200': 2, 'F198': 1, 'F197': 0, 'F196': 1, 'F190': 0, 'F511': 1, 'F203': 7}, 
                                'trim_loss': 7.0, 'trim_loss_pct': 0.574, 'cut_w': {'F200': 1191.78, 'F198': 431.311, 'F197': 0.0, 'F196': 354.696, 'F190': 0.0, 'F511': 269.569, 'F203': 1191.78}}, 
                                {'count': 1, 'stock': 'TP238H002948-1', 'cuts': {'F200': 0, 'F198': 0, 'F197': 4, 'F190': 3, 'F511': 2, 'F203': 2}, 
                                'trim_loss': 9.0, 'trim_loss_pct': 0.738, 'cut_w': {'F200': 0.0, 'F198': 0.0, 'F197': 1476.62, 'F190': 738.31, 'F511': 467.596, 'F203': 295.324}}]
2024-07-17 16:58:06,966 - INFO - TRIM LOSS PERCENT OF EACH STOCK [0.574, 0.738]
2024-07-17 16:58:06,966 - INFO - >> TOTAL STOCK RATIO (OVER CUT): {'F200': 0.1254, 'F198': 0.4048, 'F197': 1.6078, 'F196': 1.8818, 'F190': 0.9017, 'F511': 2.253, 'F203': 1.0035}
2024-07-17 16:58:06,966 - INFO - Finished
2024-07-17 17:12:50,885 - INFO - Start processing PARAMS POSCOVN+SPCC-SD+1.0
2024-07-17 17:12:50,894 - INFO - MIN_MARGIN:6
2024-07-17 17:12:54,425 - INFO - len pattern [{'stock': 'TP238H002948-2', 'cuts': {'F200': 0, 'F198': 3, 'F197': 0, 'F196': 1, 'F190': 4, 'F511': 2, 'F203': 0}, 'trim_loss': 48.0, 'trim_loss_pct': 3.938}, {'stock': 'TP238H002948-2', 'cuts': {'F200': 0, 'F198': 3, 'F197': 2, 'F196': 1, 'F190': 3, 'F511': 0, 'F203': 0}, 'trim_loss': 38.0, 'trim_loss_pct': 3.117}, {'stock': 'TP238H002948-2', 'cuts': {'F200': 0, 'F198': 0, 'F197': 4, 'F196': 0, 'F190': 4, 'F511': 2, 'F203': 0}, 'trim_loss': 29.0, 'trim_loss_pct': 2.379}, {'stock': 'TP238H002948-2', 'cuts': {'F200': 0, 'F198': 4, 'F197': 3, 'F196': 0, 'F190': 0, 'F511': 1, 'F203': 1}, 'trim_loss': 6.0, 'trim_loss_pct': 0.492}, {'stock': 'TP238H002948-2', 'cuts': {'F200': 1, 'F198': 0, 'F197': 4, 'F196': 1, 'F190': 0, 'F511': 2, 'F203': 1}, 'trim_loss': 34.0, 'trim_loss_pct': 2.789}, {'stock': 'TP238H002948-2', 'cuts': {'F200': 5, 'F198': 0, 'F197': 0, 'F196': 0, 'F190': 1, 'F511': 0, 'F203': 1}, 'trim_loss': 9.0, 'trim_loss_pct': 0.738}, {'stock': 'TP238H002948-2', 'cuts': {'F200': 0, 'F198': 0, 'F197': 0, 'F196': 1, 'F190': 0, 'F511': 0, 'F203': 18}, 'trim_loss': 14.0, 'trim_loss_pct': 1.148}, {'stock': 'TP238H002948-2', 'cuts': {'F200': 0, 'F198': 4, 'F197': 0, 'F196': 0, 'F190': 6, 'F511': 0, 'F203': 0}, 'trim_loss': 11.0, 'trim_loss_pct': 0.902}, {'stock': 'TP238H002948-2', 'cuts': {'F200': 0, 'F198': 1, 'F197': 0, 'F196': 1, 'F190': 5, 'F511': 2, 'F203': 4}, 'trim_loss': 12.0, 'trim_loss_pct': 0.984}, {'stock': 'TP238H002948-2', 'cuts': {'F200': 0, 'F198': 0, 'F197': 4, 'F196': 1, 'F190': 3, 'F511': 0, 'F203': 3}, 'trim_loss': 14.0, 'trim_loss_pct': 1.148}, {'stock': 'TP238H002948-2', 'cuts': {'F200': 0, 'F198': 0, 'F197': 0, 'F196': 0, 'F190': 6, 'F511': 2, 'F203': 7}, 'trim_loss': 9.0, 'trim_loss_pct': 0.738}, {'stock': 'TP238H002948-2', 'cuts': {'F200': 0, 'F198': 4, 'F197': 0, 'F196': 1, 'F190': 3, 'F511': 0, 'F203': 3}, 'trim_loss': 6.0, 'trim_loss_pct': 0.492}, {'stock': 'TP238H002948-2', 'cuts': {'F200': 0, 'F198': 1, 'F197': 4, 'F196': 1, 'F190': 0, 'F511': 1, 'F203': 4}, 'trim_loss': 7.0, 'trim_loss_pct': 0.574}, {'stock': 'TP238H002948-2', 'cuts': {'F200': 0, 'F198': 0, 'F197': 3, 'F196': 0, 'F190': 4, 'F511': 0, 'F203': 6}, 'trim_loss': 9.0, 'trim_loss_pct': 0.738}, {'stock': 'TP238H002948-2', 'cuts': {'F200': 0, 'F198': 1, 'F197': 0, 'F196': 0, 'F190': 1, 'F511': 0, 'F203': 16}, 'trim_loss': 7.0, 'trim_loss_pct': 0.574}, {'stock': 'TP238H002948-2', 'cuts': {'F200': 3, 'F198': 1, 'F197': 0, 'F196': 0, 'F190': 0, 'F511': 2, 'F203': 4}, 'trim_loss': 7.0, 'trim_loss_pct': 0.574}, {'stock': 'TP238H002948-2', 'cuts': {'F200': 1, 'F198': 1, 'F197': 3, 'F196': 0, 'F190': 4, 'F511': 0, 'F203': 0}, 'trim_loss': 7.0, 'trim_loss_pct': 0.574}, {'stock': 'TP238H002948-2', 'cuts': {'F200': 0, 'F198': 1, 'F197': 0, 'F196': 1, 'F190': 6, 'F511': 1, 'F203': 4}, 'trim_loss': 7.0, 'trim_loss_pct': 0.574}, {'stock': 'TP238H002948-2', 'cuts': {'F200': 4, 'F198': 1, 'F197': 0, 'F196': 1, 'F190': 0, 'F511': 1, 'F203': 0}, 'trim_loss': 7.0, 'trim_loss_pct': 0.574}, {'stock': 'TP238H002948-2', 'cuts': {'F200': 2, 'F198': 1, 'F197': 0, 'F196': 1, 'F190': 0, 'F511': 1, 'F203': 7}, 'trim_loss': 7.0, 'trim_loss_pct': 0.574}]
2024-07-17 17:12:54,474 - INFO - Take stock ['TP238H002948-2']
2024-07-17 17:12:54,475 - INFO - overcut amount {'F200': 282.903, 'F198': 253.31, 'F197': -300.0, 'F196': 254.7, 'F190': -300.0, 'F511': -30.43, 'F203': 1082.78}
2024-07-17 17:12:55,917 - INFO - len pattern [{'stock': 'TP238H002948-1', 'cuts': {'F200': 0, 'F198': 0, 'F197': 4, 'F190': 3, 'F511': 2, 'F203': 2}, 'trim_loss': 9.0, 'trim_loss_pct': 0.738}, {'stock': 'TP238H002948-1', 'cuts': {'F200': 0, 'F198': 3, 'F197': 0, 'F190': 6, 'F511': 1, 'F203': 1}, 'trim_loss': 8.0, 'trim_loss_pct': 0.656}, {'stock': 'TP238H002948-1', 'cuts': {'F200': 0, 'F198': 4, 'F197': 4, 'F190': 0, 'F511': 0, 'F203': 0}, 'trim_loss': 11.0, 'trim_loss_pct': 0.902}, {'stock': 'TP238H002948-1', 'cuts': {'F200': 0, 'F198': 3, 'F197': 0, 'F190': 0, 'F511': 2, 'F203': 9}, 'trim_loss': 33.0, 'trim_loss_pct': 2.707}, {'stock': 'TP238H002948-1', 'cuts': {'F200': 0, 'F198': 0, 'F197': 1, 'F190': 4, 'F511': 0, 'F203': 11}, 'trim_loss': 9.0, 'trim_loss_pct': 0.738}, {'stock': 'TP238H002948-1', 'cuts': {'F200': 5, 'F198': 0, 'F197': 0, 'F190': 0, 'F511': 1, 'F203': 1}, 'trim_loss': 14.0, 'trim_loss_pct': 1.148}, {'stock': 'TP238H002948-1', 'cuts': {'F200': 1, 'F198': 1, 'F197': 0, 'F190': 0, 'F511': 2, 'F203': 11}, 'trim_loss': 7.0, 'trim_loss_pct': 0.574}, {'stock': 'TP238H002948-1', 'cuts': {'F200': 4, 'F198': 1, 'F197': 0, 'F190': 1, 'F511': 0, 'F203': 2}, 'trim_loss': 7.0, 'trim_loss_pct': 0.574}, {'stock': 'TP238H002948-1', 'cuts': {'F200': 0, 'F198': 4, 'F197': 3, 'F190': 0, 'F511': 1, 'F203': 1}, 'trim_loss': 6.0, 'trim_loss_pct': 0.492}, {'stock': 'TP238H002948-1', 'cuts': {'F200': 0, 'F198': 1, 'F197': 1, 'F190': 6, 'F511': 2, 'F203': 2}, 'trim_loss': 7.0, 'trim_loss_pct': 0.574}, {'stock': 'TP238H002948-1', 'cuts': {'F200': 0, 'F198': 1, 'F197': 4, 'F190': 1, 'F511': 0, 'F203': 6}, 'trim_loss': 7.0, 'trim_loss_pct': 0.574}, {'stock': 'TP238H002948-1', 'cuts': {'F200': 0, 'F198': 1, 'F197': 0, 'F190': 4, 'F511': 0, 'F203': 11}, 'trim_loss': 7.0, 'trim_loss_pct': 0.574}, {'stock': 'TP238H002948-1', 'cuts': {'F200': 0, 'F198': 1, 'F197': 2, 'F190': 1, 'F511': 0, 'F203': 11}, 'trim_loss': 7.0, 'trim_loss_pct': 0.574}]
2024-07-17 17:12:55,958 - INFO - Take stock ['TP238H002948-2', 'TP238H002948-1']
2024-07-17 17:12:55,958 - INFO - overcut amount {'F200': 282.903, 'F198': 253.31, 'F197': 1176.62, 'F196': 254.7, 'F190': 438.31, 'F511': 437.17, 'F203': 1378.1}
2024-07-17 17:12:55,958 - INFO - Total stock used 2
2024-07-17 17:12:55,958 - INFO - [{'count': 1, 'stock': 'TP238H002948-2', 'cuts': {'F200': 2, 'F198': 1, 'F197': 0, 'F196': 1, 'F190': 0, 'F511': 1, 'F203': 7}, 'trim_loss': 7.0, 'trim_loss_pct': 0.574, 'cut_w': {'F200': 1191.78, 'F198': 431.311, 'F197': 0.0, 'F196': 354.696, 'F190': 0.0, 'F511': 269.569, 'F203': 1191.78}}, {'count': 1, 'stock': 'TP238H002948-1', 'cuts': {'F200': 0, 'F198': 0, 'F197': 4, 'F190': 3, 'F511': 2, 'F203': 2}, 'trim_loss': 9.0, 'trim_loss_pct': 0.738, 'cut_w': {'F200': 0.0, 'F198': 0.0, 'F197': 1476.62, 'F190': 738.31, 'F511': 467.596, 'F203': 295.324}}]
2024-07-17 17:12:55,958 - INFO - TRIM LOSS PERCENT OF EACH STOCK [0.574, 0.738]
2024-07-17 17:12:55,958 - INFO - >> TOTAL STOCK RATIO (OVER CUT): {'F200': 0.1254, 'F198': 0.4048, 'F197': 1.6078, 'F196': 1.8818, 'F190': 0.9017, 'F511': 2.253, 'F203': 1.0035}
2024-07-17 17:12:55,959 - INFO - Finished
2024-07-17 17:13:53,752 - INFO - Start processing PARAMS POSCOVN+SPCC-SD+1.0
2024-07-17 17:13:53,754 - INFO - MIN_MARGIN:6
2024-07-17 17:13:57,006 - INFO - len pattern 20
2024-07-17 17:13:57,040 - INFO - Take stock ['TP238H002948-2']
2024-07-17 17:13:57,040 - INFO - overcut amount {'F200': 282.903, 'F198': 253.31, 'F197': -300.0, 'F196': 254.7, 'F190': -300.0, 'F511': -30.43, 'F203': 1082.78}
2024-07-17 17:13:58,095 - INFO - len pattern 13
2024-07-17 17:13:58,122 - INFO - Take stock ['TP238H002948-2', 'TP238H002948-1']
2024-07-17 17:13:58,122 - INFO - overcut amount {'F200': 282.903, 'F198': 253.31, 'F197': 1176.62, 'F196': 254.7, 'F190': 438.31, 'F511': 437.17, 'F203': 1378.1}
2024-07-17 17:13:58,122 - INFO - Total stock used 2
2024-07-17 17:13:58,122 - INFO - [{'count': 1, 'stock': 'TP238H002948-2', 'cuts': {'F200': 2, 'F198': 1, 'F197': 0, 'F196': 1, 'F190': 0, 'F511': 1, 'F203': 7}, 
                                'trim_loss': 7.0, 'trim_loss_pct': 0.574, 'cut_w': {'F200': 1191.78, 'F198': 431.311, 'F197': 0.0, 'F196': 354.696, 'F190': 0.0, 'F511': 269.569, 'F203': 1191.78}}, 
                                {'count': 1, 'stock': 'TP238H002948-1', 'cuts': {'F200': 0, 'F198': 0, 'F197': 4, 'F190': 3, 'F511': 2, 'F203': 2}, 'trim_loss': 9.0, 'trim_loss_pct': 0.738, 'cut_w': {'F200': 0.0, 'F198': 0.0, 'F197': 1476.62, 'F190': 738.31, 'F511': 467.596, 'F203': 295.324}}]
2024-07-17 17:13:58,123 - INFO - TRIM LOSS PERCENT OF EACH STOCK [0.574, 0.738]
2024-07-17 17:13:58,123 - INFO - >> TOTAL STOCK RATIO (OVER CUT): {'F200': 0.1254, 'F198': 0.4048, 'F197': 1.6078, 'F196': 1.8818, 'F190': 0.9017, 'F511': 2.253, 'F203': 1.0035}
2024-07-17 17:13:58,123 - INFO - Finished
2024-07-17 17:15:04,340 - INFO - Start processing PARAMS POSCOVN+SPCC-SD+1.0
2024-07-17 17:15:04,341 - INFO - MIN_MARGIN:6
2024-07-17 17:15:07,726 - INFO - len pattern 20
2024-07-17 17:15:07,778 - INFO - Take stock ['TP238H002948-1']
2024-07-17 17:15:07,778 - INFO - overcut amount {'F200': -392.057, 'F198': 196.08, 'F197': 807.46, 'F196': -100.0, 'F190': 684.41, 'F511': -300.0, 'F203': -109.0}
2024-07-17 17:15:09,503 - INFO - len pattern 17
2024-07-17 17:15:09,550 - INFO - Take stock ['TP238H002948-1', 'TP238H002948-2']
2024-07-17 17:15:09,550 - INFO - overcut amount {'F200': 799.723, 'F198': 196.08, 'F197': 807.46, 'F196': -100.0, 'F190': 684.41, 'F511': 239.14, 'F203': 1593.54}
2024-07-17 17:15:09,550 - INFO - Total stock used 2
2024-07-17 17:15:09,550 - INFO - [{'count': 1, 'stock': 'TP238H002948-1', 'cuts': {'F200': 1, 'F198': 1, 'F197': 3, 'F196': 0, 'F190': 4, 'F511': 0, 'F203': 0}, 
                                'trim_loss': 7.0, 'trim_loss_pct': 0.574, 'cut_w': {'F200': 516.817, 'F198': 374.077, 'F197': 1107.465, 'F196': 0.0, 'F190': 984.413, 'F511': 0.0, 'F203': 0.0}}, 
                                    {'count': 1, 'stock': 'TP238H002948-2', 'cuts': {'F200': 2, 'F198': 0, 'F197': 0, 'F196': 0, 'F190': 0, 'F511': 2, 'F203': 10}, 'trim_loss': 9.0, 'trim_loss_pct': 0.738, 'cut_w': {'F200': 1191.78, 'F198': 0.0, 'F197': 0.0, 'F196': 0.0, 'F190': 0.0, 'F511': 539.139, 'F203': 1702.543}}]
2024-07-17 17:15:09,550 - INFO - TRIM LOSS PERCENT OF EACH STOCK [0.574, 0.738]
2024-07-17 17:15:09,550 - INFO - >> TOTAL STOCK RATIO (OVER CUT): {'F200': 0.3544, 'F198': 0.3133, 'F197': 1.1033, 'F196': -0.7388, 'F190': 1.408, 'F511': 1.2324, 'F203': 1.1604}
2024-07-17 17:15:09,550 - INFO - Finished
