2024-07-18 16:35:40,927 - INFO - Start processing PARAMS POSCOVN+SPCC-SD+1.0
2024-07-18 16:35:40,929 - INFO - MIN_MARGIN:6
2024-07-18 16:35:44,659 - INFO - len pattern 20
2024-07-18 16:35:44,659 - INFO - [{'stock': 'TP238H002948-1', 'cuts': {'F200': 0, 'F198': 3, 'F197': 0, 'F196': 1, 'F190': 4, 'F511': 2, 'F203': 0}, 
                                'trim_loss': 48.0, 'trim_loss_pct': 3.938}, 
                                {'stock': 'TP238H002948-1', 'cuts': {'F200': 0, 'F198': 3, 'F197': 2, 'F196': 1, 'F190': 3, 'F511': 0, 'F203': 0}, 
                                'trim_loss': 38.0, 'trim_loss_pct': 3.117},
                                {'stock': 'TP238H002948-1', 'cuts': {'F200': 0, 'F198': 0, 'F197': 4, 'F196': 0, 'F190': 4, 'F511': 2, 'F203': 0}, 
                                 'trim_loss': 29.0, 'trim_loss_pct': 2.379},
                                {'stock': 'TP238H002948-1', 'cuts': {'F200': 0, 'F198': 4, 'F197': 3, 'F196': 0, 'F190': 0, 'F511': 1, 'F203': 1}, 
                                'trim_loss': 6.0, 'trim_loss_pct': 0.492}, 
                                {'stock': 'TP238H002948-1', 'cuts': {'F200': 1, 'F198': 0, 'F197': 4, 'F196': 1, 'F190': 0, 'F511': 2, 'F203': 1}, 
                                'trim_loss': 34.0, 'trim_loss_pct': 2.789},
                                 {'stock': 'TP238H002948-1', 'cuts': {'F200': 5, 'F198': 0, 'F197': 0, 'F196': 0, 'F190': 1, 'F511': 0, 'F203': 1}, 
                                 'trim_loss': 9.0, 'trim_loss_pct': 0.738}, 
                                 {'stock': 'TP238H002948-1', 'cuts': {'F200': 0, 'F198': 0, 'F197': 0, 'F196': 1, 'F190': 0, 'F511': 0, 'F203': 18}, 
                                 'trim_loss': 14.0, 'trim_loss_pct': 1.148}, 
                                 {'stock': 'TP238H002948-1', 'cuts': {'F200': 0, 'F198': 4, 'F197': 0, 'F196': 0, 'F190': 6, 'F511': 0, 'F203': 0}, 
                                 'trim_loss': 11.0, 'trim_loss_pct': 0.902}, 
                                 {'stock': 'TP238H002948-1', 'cuts': {'F200': 0, 'F198': 1, 'F197': 0, 'F196': 1, 'F190': 5, 'F511': 2, 'F203': 4}, 
                                 'trim_loss': 12.0, 'trim_loss_pct': 0.984}, 
                                 {'stock': 'TP238H002948-1', 'cuts': {'F200': 0, 'F198': 0, 'F197': 4, 'F196': 1, 'F190': 3, 'F511': 0, 'F203': 3},
                                 'trim_loss': 14.0, 'trim_loss_pct': 1.148}, 
                                 {'stock': 'TP238H002948-1', 'cuts': {'F200': 0, 'F198': 0, 'F197': 0, 'F196': 0, 'F190': 6, 'F511': 2, 'F203': 7}, 
                                 'trim_loss': 9.0, 'trim_loss_pct': 0.738}, 
                                 {'stock': 'TP238H002948-1', 'cuts': {'F200': 0, 'F198': 4, 'F197': 0, 'F196': 1, 'F190': 3, 'F511': 0, 'F203': 3},
                                  'trim_loss': 6.0, 'trim_loss_pct': 0.492}, 
                                  {'stock': 'TP238H002948-1', 'cuts': {'F200': 0, 'F198': 1, 'F197': 4, 'F196': 1, 'F190': 0, 'F511': 1, 'F203': 4}, 
                                  'trim_loss': 7.0, 'trim_loss_pct': 0.574}, 
                                  {'stock': 'TP238H002948-1', 'cuts': {'F200': 0, 'F198': 0, 'F197': 3, 'F196': 0, 'F190': 4, 'F511': 0, 'F203': 6}, 
                                  'trim_loss': 9.0, 'trim_loss_pct': 0.738}, 
                                  {'stock': 'TP238H002948-1', 'cuts': {'F200': 0, 'F198': 1, 'F197': 0, 'F196': 0, 'F190': 1, 'F511': 0, 'F203': 16}, 
                                  'trim_loss': 7.0, 'trim_loss_pct': 0.574},
                                   {'stock': 'TP238H002948-1', 'cuts': {'F200': 3, 'F198': 1, 'F197': 0, 'F196': 0, 'F190': 0, 'F511': 2, 'F203': 4},
                                    'trim_loss': 7.0, 'trim_loss_pct': 0.574},
                                     {'stock': 'TP238H002948-1', 'cuts': {'F200': 1, 'F198': 1, 'F197': 3, 'F196': 0, 'F190': 4, 'F511': 0, 'F203': 0}, pick
                                     'trim_loss': 7.0, 'trim_loss_pct': 0.574}, 
                                     {'stock': 'TP238H002948-1', 'cuts': {'F200': 0, 'F198': 1, 'F197': 0, 'F196': 1, 'F190': 6, 'F511': 1, 'F203': 4}, 
                                     'trim_loss': 7.0, 'trim_loss_pct': 0.574}, 
                                     {'stock': 'TP238H002948-1', 'cuts': {'F200': 4, 'F198': 1, 'F197': 0, 'F196': 1, 'F190': 0, 'F511': 1, 'F203': 0}, 
                                     'trim_loss': 7.0, 'trim_loss_pct': 0.574}, 
                                     {'stock': 'TP238H002948-1', 'cuts': {'F200': 2, 'F198': 1, 'F197': 0, 'F196': 1, 'F190': 0, 'F511': 1, 'F203': 7}, 
                                     'trim_loss': 7.0, 'trim_loss_pct': 0.574}]
2024-07-18 16:35:44,733 - INFO - Take stock ['TP238H002948-1']
2024-07-18 16:35:44,733 - INFO - overcut amount {'F200': -392.057, 'F198': 196.08, 'F197': 807.46, 'F196': -100.0, 'F190': 684.41, 'F511': -300.0, 'F203': -109.0}
2024-07-18 16:35:46,464 - INFO - len pattern 17
2024-07-18 16:35:46,464 - INFO - [{'stock': 'TP238H002948-2', 'cuts': {'F200': 0, 'F198': 1, 'F197': 2, 'F196': 1, 'F190': 3, 'F511': 2, 'F203': 2}, 
                                'trim_loss': 32.0, 'trim_loss_pct': 2.625}, 
                                {'stock': 'TP238H002948-2', 'cuts': {'F200': 1, 'F198': 3, 'F197': 2, 'F196': 0, 'F190': 0, 'F511': 0, 'F203': 4}, 
                                'trim_loss': 13.0, 'trim_loss_pct': 1.066}, 
                                {'stock': 'TP238H002948-2', 'cuts': {'F200': 1, 'F198': 3, 'F197': 0, 'F196': 1, 'F190': 0, 'F511': 0, 'F203': 7}, 
                                'trim_loss': 8.0, 'trim_loss_pct': 0.656}, 
                                {'stock': 'TP238H002948-2', 'cuts': {'F200': 0, 'F198': 3, 'F197': 0, 'F196': 0, 'F190': 3, 'F511': 2, 'F203': 4}, 
                                'trim_loss': 33.0, 'trim_loss_pct': 2.707},
                                 {'stock': 'TP238H002948-2', 'cuts': {'F200': 2, 'F198': 0, 'F197': 0, 'F196': 0, 'F190': 0, 'F511': 2, 'F203': 10}, 
                                 'trim_loss': 9.0, 'trim_loss_pct': 0.738}, 
                                 {'stock': 'TP238H002948-2', 'cuts': {'F200': 0, 'F198': 0, 'F197': 0, 'F196': 0, 'F190': 3, 'F511': 0, 'F203': 15}, 
                                 'trim_loss': 19.0, 'trim_loss_pct': 1.559}, 
                                 {'stock': 'TP238H002948-2', 'cuts': {'F200': 0, 'F198': 0, 'F197': 2, 'F196': 1, 'F190': 0, 'F511': 0, 'F203': 13}, 
                                 'trim_loss': 14.0, 'trim_loss_pct': 1.148}, 
                                 {'stock': 'TP238H002948-2', 'cuts': {'F200': 5, 'F198': 0, 'F197': 0, 'F196': 0, 'F190': 1, 'F511': 0, 'F203': 1}, 
                                 'trim_loss': 9.0, 'trim_loss_pct': 0.738}, 
                                 {'stock': 'TP238H002948-2', 'cuts': {'F200': 1, 'F198': 1, 'F197': 2, 'F196': 0, 'F190': 3, 'F511': 2, 'F203': 1}, 
                                 'trim_loss': 7.0, 'trim_loss_pct': 0.574},
                                  {'stock': 'TP238H002948-2', 'cuts': {'F200': 0, 'F198': 1, 'F197': 0, 'F196': 0, 'F190': 1, 'F511': 0, 'F203': 16}, 
                                  'trim_loss': 7.0, 'trim_loss_pct': 0.574},
                                   {'stock': 'TP238H002948-2', 'cuts': {'F200': 1, 'F198': 0, 'F197': 0, 'F196': 1, 'F190': 3, 'F511': 1, 'F203': 8}, 
                                  'trim_loss': 9.0, 'trim_loss_pct': 0.738}, 
                                  {'stock': 'TP238H002948-2', 'cuts': {'F200': 2, 'F198': 1, 'F197': 2, 'F196': 1, 'F190': 0, 'F511': 1, 'F203': 2}, 
                                  'trim_loss': 7.0, 'trim_loss_pct': 0.574}, 
                                  {'stock': 'TP238H002948-2', 'cuts': {'F200': 4, 'F198': 1, 'F197': 0, 'F196': 1, 'F190': 0, 'F511': 1, 'F203': 0}, 
                                  'trim_loss': 7.0, 'trim_loss_pct': 0.574}, 
                                  {'stock': 'TP238H002948-2', 'cuts': {'F200': 2, 'F198': 3, 'F197': 0, 'F196': 0, 'F190': 0, 'F511': 1, 'F203': 4}, 
                                  'trim_loss': 8.0, 'trim_loss_pct': 0.656}, 
                                  {'stock': 'TP238H002948-2', 'cuts': {'F200': 3, 'F198': 1, 'F197': 1, 'F196': 0, 'F190': 1, 'F511': 0, 'F203': 3}, 
                                  'trim_loss': 7.0, 'trim_loss_pct': 0.574}, 
                                  {'stock': 'TP238H002948-2', 'cuts': {'F200': 0, 'F198': 1, 'F197': 0, 'F196': 1, 'F190': 3, 'F511': 1, 'F203': 9},
                                   'trim_loss': 7.0, 'trim_loss_pct': 0.574},
                                    {'stock': 'TP238H002948-2', 'cuts': {'F200': 0, 'F198': 3, 'F197': 1, 'F196': 1, 'F190': 3, 'F511': 0, 'F203': 3}, 
                                    'trim_loss': 8.0, 'trim_loss_pct': 0.656}]
2024-07-18 16:35:46,511 - INFO - Take stock ['TP238H002948-1', 'TP238H002948-2']
2024-07-18 16:35:46,511 - INFO - overcut amount {'F200': 799.723, 'F198': 196.08, 'F197': 807.46, 'F196': -100.0, 'F190': 684.41, 'F511': 239.14, 'F203': 1593.54}
2024-07-18 16:35:46,512 - INFO - Total stock used 2
2024-07-18 16:35:46,512 - INFO - [{'count': 1, 'stock': 'TP238H002948-1', 'cuts': {'F200': 1, 'F198': 1, 'F197': 3, 'F196': 0, 'F190': 4, 'F511': 0, 'F203': 0}, 'trim_loss': 7.0, 'trim_loss_pct': 0.574, 'cut_w': {'F200': 516.817, 'F198': 374.077, 'F197': 1107.465, 'F196': 0.0, 'F190': 984.413, 'F511': 0.0, 'F203': 0.0}}, {'count': 1, 'stock': 'TP238H002948-2', 'cuts': {'F200': 2, 'F198': 0, 'F197': 0, 'F196': 0, 'F190': 0, 'F511': 2, 'F203': 10}, 'trim_loss': 9.0, 'trim_loss_pct': 0.738, 'cut_w': {'F200': 1191.78, 'F198': 0.0, 'F197': 0.0, 'F196': 0.0, 'F190': 0.0, 'F511': 539.139, 'F203': 1702.543}}]
2024-07-18 16:35:46,512 - INFO - TRIM LOSS PERCENT OF EACH STOCK [0.574, 0.738]
2024-07-18 16:35:46,512 - INFO - >> TOTAL STOCK RATIO (OVER CUT): {'F200': 0.3544, 'F198': 0.3133, 'F197': 1.1033, 'F196': -0.7388, 'F190': 1.408, 'F511': 1.2324, 'F203': 1.1604}
2024-07-18 16:35:46,512 - INFO - Finished

2024-07-18 16:37:47,287 - INFO - Start processing PARAMS POSCOVN+SPCC-SD+1.0
2024-07-18 16:37:47,289 - INFO - MIN_MARGIN:6
2024-07-18 16:37:50,662 - INFO - len pattern 20
2024-07-18 16:37:50,662 - INFO - [{'stock': 'TP238H002948-2', 'cuts': {'F200': 0, 'F198': 3, 'F197': 0, 'F196': 1, 'F190': 4, 'F511': 2, 'F203': 0}, 
                                'trim_loss': 48.0, 'trim_loss_pct': 3.938}, 
                                {'stock': 'TP238H002948-2', 'cuts': {'F200': 0, 'F198': 3, 'F197': 2, 'F196': 1, 'F190': 3, 'F511': 0, 'F203': 0}, 
                                'trim_loss': 38.0, 'trim_loss_pct': 3.117},
                                 {'stock': 'TP238H002948-2', 'cuts': {'F200': 0, 'F198': 0, 'F197': 4, 'F196': 0, 'F190': 4, 'F511': 2, 'F203': 0},
                                'trim_loss': 29.0, 'trim_loss_pct': 2.379}, 
                                {'stock': 'TP238H002948-2', 'cuts': {'F200': 0, 'F198': 4, 'F197': 3, 'F196': 0, 'F190': 0, 'F511': 1, 'F203': 1},
                                'trim_loss': 6.0, 'trim_loss_pct': 0.492}, 
                                {'stock': 'TP238H002948-2', 'cuts': {'F200': 1, 'F198': 0, 'F197': 4, 'F196': 1, 'F190': 0, 'F511': 2, 'F203': 1}, 
                                'trim_loss': 34.0, 'trim_loss_pct': 2.789},
                                 {'stock': 'TP238H002948-2', 'cuts': {'F200': 5, 'F198': 0, 'F197': 0, 'F196': 0, 'F190': 1, 'F511': 0, 'F203': 1}, 
                                 'trim_loss': 9.0, 'trim_loss_pct': 0.738},
                                {'stock': 'TP238H002948-2', 'cuts': {'F200': 0, 'F198': 0, 'F197': 0, 'F196': 1, 'F190': 0, 'F511': 0, 'F203': 18},
                                   'trim_loss': 14.0, 'trim_loss_pct': 1.148},
                                {'stock': 'TP238H002948-2', 'cuts': {'F200': 0, 'F198': 4, 'F197': 0, 'F196': 0, 'F190': 6, 'F511': 0, 'F203': 0},
                                 'trim_loss': 11.0, 'trim_loss_pct': 0.902}, 
                                {'stock': 'TP238H002948-2', 'cuts': {'F200': 0, 'F198': 1, 'F197': 0, 'F196': 1, 'F190': 5, 'F511': 2, 'F203': 4}, 
                                 'trim_loss': 12.0, 'trim_loss_pct': 0.984}, 
                                {'stock': 'TP238H002948-2', 'cuts': {'F200': 0, 'F198': 0, 'F197': 4, 'F196': 1, 'F190': 3, 'F511': 0, 'F203': 3}, 
                                 'trim_loss': 14.0, 'trim_loss_pct': 1.148},
                                {'stock': 'TP238H002948-2', 'cuts': {'F200': 0, 'F198': 0, 'F197': 0, 'F196': 0, 'F190': 6, 'F511': 2, 'F203': 7}, 
                                'trim_loss': 9.0, 'trim_loss_pct': 0.738}, 
                                {'stock': 'TP238H002948-2', 'cuts': {'F200': 0, 'F198': 4, 'F197': 0, 'F196': 1, 'F190': 3, 'F511': 0, 'F203': 3}, 
                                'trim_loss': 6.0, 'trim_loss_pct': 0.492}, 
                                {'stock': 'TP238H002948-2', 'cuts': {'F200': 0, 'F198': 1, 'F197': 4, 'F196': 1, 'F190': 0, 'F511': 1, 'F203': 4}, 
                                'trim_loss': 7.0, 'trim_loss_pct': 0.574}, 
                                {'stock': 'TP238H002948-2', 'cuts': {'F200': 0, 'F198': 0, 'F197': 3, 'F196': 0, 'F190': 4, 'F511': 0, 'F203': 6}, 
                                'trim_loss': 9.0, 'trim_loss_pct': 0.738}, 
                                {'stock': 'TP238H002948-2', 'cuts': {'F200': 0, 'F198': 1, 'F197': 0, 'F196': 0, 'F190': 1, 'F511': 0, 'F203': 16}, 
                                'trim_loss': 7.0, 'trim_loss_pct': 0.574},
                                {'stock': 'TP238H002948-2', 'cuts': {'F200': 3, 'F198': 1, 'F197': 0, 'F196': 0, 'F190': 0, 'F511': 2, 'F203': 4}, 
                                'trim_loss': 7.0, 'trim_loss_pct': 0.574}, 
                                {'stock': 'TP238H002948-2', 'cuts': {'F200': 1, 'F198': 1, 'F197': 3, 'F196': 0, 'F190': 4, 'F511': 0, 'F203': 0}, 
                                'trim_loss': 7.0, 'trim_loss_pct': 0.574},
                                 {'stock': 'TP238H002948-2', 'cuts': {'F200': 0, 'F198': 1, 'F197': 0, 'F196': 1, 'F190': 6, 'F511': 1, 'F203': 4}, 
                                 'trim_loss': 7.0, 'trim_loss_pct': 0.574},
                                {'stock': 'TP238H002948-2', 'cuts': {'F200': 4, 'F198': 1, 'F197': 0, 'F196': 1, 'F190': 0, 'F511': 1, 'F203': 0},
                                   'trim_loss': 7.0, 'trim_loss_pct': 0.574}, 
                                {'stock': 'TP238H002948-2', 'cuts': {'F200': 2, 'F198': 1, 'F197': 0, 'F196': 1, 'F190': 0, 'F511': 1, 'F203': 7},  pick
                                   'trim_loss': 7.0, 'trim_loss_pct': 0.574}]
2024-07-18 16:37:50,709 - INFO - Take stock ['TP238H002948-2']
2024-07-18 16:37:50,709 - INFO - overcut amount {'F200': 282.903, 'F198': 253.31, 'F197': -300.0, 'F196': 254.7, 'F190': -300.0, 'F511': -30.43, 'F203': 1082.78}
2024-07-18 16:37:52,167 - INFO - len pattern 13
2024-07-18 16:37:52,167 - INFO - [{'stock': 'TP238H002948-1', 'cuts': {'F200': 0, 'F198': 0, 'F197': 4, 'F190': 3, 'F511': 2, 'F203': 2},  PICK
                                'trim_loss': 9.0, 'trim_loss_pct': 0.738},
                                 {'stock': 'TP238H002948-1', 'cuts': {'F200': 0, 'F198': 3, 'F197': 0, 'F190': 6, 'F511': 1, 'F203': 1}, 
                                 'trim_loss': 8.0, 'trim_loss_pct': 0.656}, 
                                 {'stock': 'TP238H002948-1', 'cuts': {'F200': 0, 'F198': 4, 'F197': 4, 'F190': 0, 'F511': 0, 'F203': 0}, 
                                 'trim_loss': 11.0, 'trim_loss_pct': 0.902}, 
                                 {'stock': 'TP238H002948-1', 'cuts': {'F200': 0, 'F198': 3, 'F197': 0, 'F190': 0, 'F511': 2, 'F203': 9}, 
                                 'trim_loss': 33.0, 'trim_loss_pct': 2.707}, 
                                 {'stock': 'TP238H002948-1', 'cuts': {'F200': 0, 'F198': 0, 'F197': 1, 'F190': 4, 'F511': 0, 'F203': 11},
                                  'trim_loss': 9.0, 'trim_loss_pct': 0.738}, 
                                  {'stock': 'TP238H002948-1', 'cuts': {'F200': 5, 'F198': 0, 'F197': 0, 'F190': 0, 'F511': 1, 'F203': 1}, 
                                  'trim_loss': 14.0, 'trim_loss_pct': 1.148}, 
                                  {'stock': 'TP238H002948-1', 'cuts': {'F200': 1, 'F198': 1, 'F197': 0, 'F190': 0, 'F511': 2, 'F203': 11}, 
                                  'trim_loss': 7.0, 'trim_loss_pct': 0.574}, 
                                  {'stock': 'TP238H002948-1', 'cuts': {'F200': 4, 'F198': 1, 'F197': 0, 'F190': 1, 'F511': 0, 'F203': 2}, 
                                  'trim_loss': 7.0, 'trim_loss_pct': 0.574}, 
                                  {'stock': 'TP238H002948-1', 'cuts': {'F200': 0, 'F198': 4, 'F197': 3, 'F190': 0, 'F511': 1, 'F203': 1}, 
                                  'trim_loss': 6.0, 'trim_loss_pct': 0.492},
                                   {'stock': 'TP238H002948-1', 'cuts': {'F200': 0, 'F198': 1, 'F197': 1, 'F190': 6, 'F511': 2, 'F203': 2}, 
                                   'trim_loss': 7.0, 'trim_loss_pct': 0.574}, 
                                   {'stock': 'TP238H002948-1', 'cuts': {'F200': 0, 'F198': 1, 'F197': 4, 'F190': 1, 'F511': 0, 'F203': 6}, 
                                   'trim_loss': 7.0, 'trim_loss_pct': 0.574}, 
                                   {'stock': 'TP238H002948-1', 'cuts': {'F200': 0, 'F198': 1, 'F197': 0, 'F190': 4, 'F511': 0, 'F203': 11}, 
                                   'trim_loss': 7.0, 'trim_loss_pct': 0.574}, 
                                   {'stock': 'TP238H002948-1', 'cuts': {'F200': 0, 'F198': 1, 'F197': 2, 'F190': 1, 'F511': 0, 'F203': 11}, 
                                   'trim_loss': 7.0, 'trim_loss_pct': 0.574}]
2024-07-18 16:37:52,211 - INFO - Take stock ['TP238H002948-2', 'TP238H002948-1']
2024-07-18 16:37:52,211 - INFO - overcut amount {'F200': 282.903, 'F198': 253.31, 'F197': 1176.62, 'F196': 254.7, 'F190': 438.31, 'F511': 437.17, 'F203': 1378.1}
2024-07-18 16:37:52,212 - INFO - Total stock used 2
2024-07-18 16:37:52,212 - INFO - [{'count': 1, 'stock': 'TP238H002948-2', 'cuts': {'F200': 2, 'F198': 1, 'F197': 0, 'F196': 1, 'F190': 0, 'F511': 1, 'F203': 7}, 
                            'trim_loss': 7.0, 'trim_loss_pct': 0.574, 
                            'cut_w': {'F200': 1191.78, 'F198': 431.311, 'F197': 0.0, 'F196': 354.696, 'F190': 0.0, 'F511': 269.569, 'F203': 1191.78}}, 
                            {'count': 1, 'stock': 'TP238H002948-1', 'cuts': {'F200': 0, 'F198': 0, 'F197': 4, 'F190': 3, 'F511': 2, 'F203': 2}, 
                            'trim_loss': 9.0, 'trim_loss_pct': 0.738, 
                            'cut_w': {'F200': 0.0, 'F198': 0.0, 'F197': 1476.62, 'F190': 738.31, 'F511': 467.596, 'F203': 295.324}}]
2024-07-18 16:37:52,212 - INFO - TRIM LOSS PERCENT OF EACH STOCK [0.574, 0.738]
2024-07-18 16:37:52,212 - INFO - >> TOTAL STOCK RATIO (OVER CUT): {'F200': 0.1254, 'F198': 0.4048, 'F197': 1.6078, 'F196': 1.8818, 'F190': 0.9017, 'F511': 2.253, 'F203': 1.0035}
2024-07-18 16:37:52,212 - INFO - Finished
